#
# There is insufficient memory for the Java Runtime Environment to continue.
# Native memory allocation (mmap) failed to map 666894336 bytes for Failed to commit area from 0x0000000093e00000 to 0x00000000bba00000 of length 666894336.
# Possible reasons:
#   The system is out of physical RAM or swap space
#   The process is running with CompressedOops enabled, and the Java Heap may be blocking the growth of the native heap
# Possible solutions:
#   Reduce memory load on the system
#   Increase physical memory or swap space
#   Check if swap backing store is full
#   Decrease Java heap size (-Xmx/-Xms)
#   Decrease number of Java threads
#   Decrease Java thread stack sizes (-Xss)
#   Set larger code cache with -XX:ReservedCodeCacheSize=
#   JVM is running with Unscaled Compressed Oops mode in which the Java heap is
#     placed in the first 4GB address space. The Java Heap base address is the
#     maximum limit for the native heap growth. Please use -XX:HeapBaseMinAddress
#     to set the Java Heap base and to place the Java Heap above 4GB virtual address.
# This output file may be truncated or incomplete.
#
#  Out of Memory Error (./src/hotspot/os/windows/os_windows.cpp:3301), pid=5908, tid=11124
#
# JRE version: OpenJDK Runtime Environment (11.0.11+9) (build 11.0.11+9-b60-7590822)
# Java VM: OpenJDK 64-Bit Server VM (11.0.11+9-b60-7590822, mixed mode, tiered, compressed oops, g1 gc, windows-amd64)
# No core dump will be written. Minidumps are not enabled by default on client versions of Windows
#

---------------  S U M M A R Y ------------

Command Line: --add-opens=java.base/java.util=ALL-UNNAMED --add-opens=java.base/java.lang=ALL-UNNAMED --add-opens=java.base/java.lang.invoke=ALL-UNNAMED --add-opens=java.base/java.util=ALL-UNNAMED --add-opens=java.prefs/java.util.prefs=ALL-UNNAMED --add-opens=java.prefs/java.util.prefs=ALL-UNNAMED --add-opens=java.base/java.nio.charset=ALL-UNNAMED --add-opens=java.base/java.net=ALL-UNNAMED --add-opens=java.base/java.util.concurrent.atomic=ALL-UNNAMED -Xmx2048m -Dfile.encoding=UTF-8 -Duser.country=US -Duser.language=en -Duser.variant org.gradle.launcher.daemon.bootstrap.GradleDaemon 7.0.2

Host: Intel(R) Core(TM) i5-2520M CPU @ 2.50GHz, 4 cores, 7G,  Windows 10 , 64 bit Build 19041 (10.0.19041.292)
Time: Sat Mar  5 21:12:57 2022 Egypt Standard Time elapsed time: 115.006769 seconds (0d 0h 1m 55s)

---------------  T H R E A D  ---------------

Current thread (0x0000029240106800):  VMThread "VM Thread" [stack: 0x000000ad21400000,0x000000ad21500000] [id=11124]

Stack: [0x000000ad21400000,0x000000ad21500000]
[error occurred during error reporting (printing stack bounds), id 0xc0000005, EXCEPTION_ACCESS_VIOLATION (0xc0000005) at pc=0x000002922a020f2d]

Native frames: (J=compiled Java code, j=interpreted, Vv=VM code, C=native code)
V  [jvm.dll+0x5f214a]
V  [jvm.dll+0x726fb5]
V  [jvm.dll+0x7285cd]
V  [jvm.dll+0x728be5]
V  [jvm.dll+0x728b9b]
V  [jvm.dll+0x5f14e8]
V  [jvm.dll+0x5f1c78]
C  [ntdll.dll+0xa111f]
C  [ntdll.dll+0x4b474]
C  [ntdll.dll+0x9fc4e]
C  0x000002922a020f2d

VM_Operation (0x000000ad24efded0): G1CollectForAllocation, mode: safepoint, requested by thread 0x0000029248c15800


---------------  P R O C E S S  ---------------

Threads class SMR info:
_java_thread_list=0x0000029243707290, length=57, elements={
0x000002922651e000, 0x000002924010e800, 0x0000029240118800, 0x000002924012c800,
0x000002924012f000, 0x0000029240130000, 0x0000029240136000, 0x000002924013b800,
0x000002924013e800, 0x0000029240bf1800, 0x00000292423d0800, 0x000002924231e800,
0x00000292423de800, 0x0000029241928000, 0x0000029241929000, 0x0000029240b93000,
0x0000029240e6e800, 0x0000029240e57000, 0x00000292424b7000, 0x00000292424b8800,
0x00000292424b8000, 0x00000292424b3800, 0x00000292424b4800, 0x00000292424b9800,
0x00000292424ba800, 0x00000292424b5800, 0x00000292424b6000, 0x00000292425b7000,
0x00000292425b3000, 0x00000292425b3800, 0x00000292425b4800, 0x00000292425b5800,
0x00000292425b1000, 0x00000292425b7800, 0x00000292425b8800, 0x00000292425bc800,
0x00000292425bc000, 0x00000292425be000, 0x00000292425b9800, 0x00000292425bb000,
0x00000292425bd800, 0x00000292425c0000, 0x00000292425ba000, 0x00000292425bf000,
0x0000029248c0a000, 0x0000029248c0a800, 0x0000029248c0b800, 0x0000029248c0c800,
0x0000029248c0d000, 0x0000029248c08800, 0x0000029248c0e000, 0x0000029248c0f000,
0x0000029248c09000, 0x0000029248c12000, 0x0000029248c14800, 0x0000029248c15800,
0x0000029248c10800
}

Java Threads: ( => current thread )
  0x000002922651e000 JavaThread "main" [_thread_blocked, id=8364, stack(0x000000ad20e00000,0x000000ad20f00000)]
  0x000002924010e800 JavaThread "Reference Handler" daemon [_thread_blocked, id=5776, stack(0x000000ad21500000,0x000000ad21600000)]
  0x0000029240118800 JavaThread "Finalizer" daemon [_thread_blocked, id=10736, stack(0x000000ad21600000,0x000000ad21700000)]
  0x000002924012c800 JavaThread "Signal Dispatcher" daemon [_thread_blocked, id=964, stack(0x000000ad21700000,0x000000ad21800000)]
  0x000002924012f000 JavaThread "Attach Listener" daemon [_thread_blocked, id=11460, stack(0x000000ad21800000,0x000000ad21900000)]
  0x0000029240130000 JavaThread "Service Thread" daemon [_thread_blocked, id=8272, stack(0x000000ad21900000,0x000000ad21a00000)]
  0x0000029240136000 JavaThread "C2 CompilerThread0" daemon [_thread_blocked, id=8404, stack(0x000000ad21a00000,0x000000ad21b00000)]
  0x000002924013b800 JavaThread "C1 CompilerThread0" daemon [_thread_blocked, id=6588, stack(0x000000ad21b00000,0x000000ad21c00000)]
  0x000002924013e800 JavaThread "Sweeper thread" daemon [_thread_blocked, id=7008, stack(0x000000ad21c00000,0x000000ad21d00000)]
  0x0000029240bf1800 JavaThread "Common-Cleaner" daemon [_thread_blocked, id=5848, stack(0x000000ad21d00000,0x000000ad21e00000)]
  0x00000292423d0800 JavaThread "Daemon health stats" [_thread_blocked, id=15132, stack(0x000000ad22100000,0x000000ad22200000)]
  0x000002924231e800 JavaThread "Incoming local TCP Connector on port 1779" [_thread_in_native, id=11996, stack(0x000000ad22200000,0x000000ad22300000)]
  0x00000292423de800 JavaThread "Daemon periodic checks" [_thread_blocked, id=6544, stack(0x000000ad22300000,0x000000ad22400000)]
  0x0000029241928000 JavaThread "Daemon" [_thread_blocked, id=9296, stack(0x000000ad22400000,0x000000ad22500000)]
  0x0000029241929000 JavaThread "Handler for socket connection from /127.0.0.1:1779 to /127.0.0.1:1780" [_thread_in_native, id=14368, stack(0x000000ad22500000,0x000000ad22600000)]
  0x0000029240b93000 JavaThread "Cancel handler" [_thread_blocked, id=15528, stack(0x000000ad22600000,0x000000ad22700000)]
  0x0000029240e6e800 JavaThread "Daemon worker" [_thread_blocked, id=2108, stack(0x000000ad22700000,0x000000ad22800000)]
  0x0000029240e57000 JavaThread "Asynchronous log dispatcher for DefaultDaemonConnection: socket connection from /127.0.0.1:1779 to /127.0.0.1:1780" [_thread_blocked, id=9536, stack(0x000000ad22800000,0x000000ad22900000)]
  0x00000292424b7000 JavaThread "Daemon client event forwarder" [_thread_blocked, id=3048, stack(0x000000ad22a00000,0x000000ad22b00000)]
  0x00000292424b8800 JavaThread "Cache worker for file hash cache (D:\AndroidSdk\Sdk\caches\7.0.2\fileHashes)" [_thread_blocked, id=12516, stack(0x000000ad22b00000,0x000000ad22c00000)]
  0x00000292424b8000 JavaThread "File lock request listener" [_thread_in_native, id=13956, stack(0x000000ad22c00000,0x000000ad22d00000)]
  0x00000292424b3800 JavaThread "Cache worker for journal cache (D:\AndroidSdk\Sdk\caches\journal-1)" [_thread_blocked, id=1896, stack(0x000000ad22e00000,0x000000ad22f00000)]
  0x00000292424b4800 JavaThread "Cache worker for file hash cache (E:\Android\CodesHappy\GetExperiance\.gradle\7.0.2\fileHashes)" [_thread_blocked, id=6828, stack(0x000000ad22f00000,0x000000ad23000000)]
  0x00000292424b9800 JavaThread "File watcher server" daemon [_thread_blocked, id=11668, stack(0x000000ad23000000,0x000000ad23100000)]
  0x00000292424ba800 JavaThread "File watcher consumer" daemon [_thread_blocked, id=8180, stack(0x000000ad23100000,0x000000ad23200000)]
  0x00000292424b5800 JavaThread "Cache worker for checksums cache (E:\Android\CodesHappy\GetExperiance\.gradle\checksums)" [_thread_blocked, id=14024, stack(0x000000ad23200000,0x000000ad23300000)]
  0x00000292424b6000 JavaThread "Cache worker for cache directory md-supplier (D:\AndroidSdk\Sdk\caches\7.0.2\md-supplier)" [_thread_blocked, id=13972, stack(0x000000ad23300000,0x000000ad23400000)]
  0x00000292425b7000 JavaThread "Cache worker for cache directory md-rule (D:\AndroidSdk\Sdk\caches\7.0.2\md-rule)" [_thread_blocked, id=8508, stack(0x000000ad23400000,0x000000ad23500000)]
  0x00000292425b3000 JavaThread "Cache worker for execution history cache (D:\AndroidSdk\Sdk\caches\7.0.2\executionHistory)" [_thread_blocked, id=12700, stack(0x000000ad23500000,0x000000ad23600000)]
  0x00000292425b3800 JavaThread "jar transforms" [_thread_blocked, id=676, stack(0x000000ad23600000,0x000000ad23700000)]
  0x00000292425b4800 JavaThread "jar transforms Thread 2" [_thread_blocked, id=15500, stack(0x000000ad23700000,0x000000ad23800000)]
  0x00000292425b5800 JavaThread "Cache worker for file content cache (D:\AndroidSdk\Sdk\caches\7.0.2\fileContent)" [_thread_blocked, id=3740, stack(0x000000ad23800000,0x000000ad23900000)]
  0x00000292425b1000 JavaThread "Cache worker for dependencies-accessors (E:\Android\CodesHappy\GetExperiance\.gradle\7.0.2\dependencies-accessors)" [_thread_blocked, id=4732, stack(0x000000ad23900000,0x000000ad23a00000)]
  0x00000292425b7800 JavaThread "jar transforms Thread 3" [_thread_blocked, id=4444, stack(0x000000ad23a00000,0x000000ad23b00000)]
  0x00000292425b8800 JavaThread "Cache worker for Build Output Cleanup Cache (E:\Android\CodesHappy\GetExperiance\.gradle\buildOutputCleanup)" [_thread_blocked, id=4872, stack(0x000000ad23b00000,0x000000ad23c00000)]
  0x00000292425bc800 JavaThread "Build operations" [_thread_blocked, id=10952, stack(0x000000ad23c00000,0x000000ad23d00000)]
  0x00000292425bc000 JavaThread "Build operations Thread 2" [_thread_blocked, id=6008, stack(0x000000ad23d00000,0x000000ad23e00000)]
  0x00000292425be000 JavaThread "Build operations Thread 3" [_thread_blocked, id=3124, stack(0x000000ad23e00000,0x000000ad23f00000)]
  0x00000292425b9800 JavaThread "Build operations Thread 4" [_thread_blocked, id=14680, stack(0x000000ad23f00000,0x000000ad24000000)]
  0x00000292425bb000 JavaThread "jar transforms Thread 4" [_thread_blocked, id=2104, stack(0x000000ad24000000,0x000000ad24100000)]
  0x00000292425bd800 JavaThread "Memory manager" [_thread_blocked, id=7448, stack(0x000000ad24100000,0x000000ad24200000)]
  0x00000292425c0000 JavaThread "build event listener" [_thread_blocked, id=10728, stack(0x000000ad24400000,0x000000ad24500000)]
  0x00000292425ba000 JavaThread "Execution worker for ':'" [_thread_blocked, id=8440, stack(0x000000ad24500000,0x000000ad24600000)]
  0x00000292425bf000 JavaThread "Execution worker for ':' Thread 2" [_thread_blocked, id=1004, stack(0x000000ad24600000,0x000000ad24700000)]
  0x0000029248c0a000 JavaThread "Execution worker for ':' Thread 3" [_thread_blocked, id=7984, stack(0x000000ad24700000,0x000000ad24800000)]
  0x0000029248c0a800 JavaThread "Cache worker for execution history cache (E:\Android\CodesHappy\GetExperiance\.gradle\7.0.2\executionHistory)" [_thread_blocked, id=15328, stack(0x000000ad24800000,0x000000ad24900000)]
  0x0000029248c0b800 JavaThread "WorkerExecutor Queue" [_thread_blocked, id=912, stack(0x000000ad20b00000,0x000000ad20c00000)]
  0x0000029248c0c800 JavaThread "WorkerExecutor Queue Thread 2" [_thread_blocked, id=12468, stack(0x000000ad20c00000,0x000000ad20d00000)]
  0x0000029248c0d000 JavaThread "WorkerExecutor Queue Thread 3" [_thread_blocked, id=2356, stack(0x000000ad20d00000,0x000000ad20e00000)]
  0x0000029248c08800 JavaThread "WorkerExecutor Queue Thread 5" [_thread_blocked, id=11652, stack(0x000000ad24900000,0x000000ad24a00000)]
  0x0000029248c0e000 JavaThread "pool-3-thread-1" [_thread_blocked, id=15040, stack(0x000000ad22900000,0x000000ad22a00000)]
  0x0000029248c0f000 JavaThread "stderr" [_thread_in_native, id=10740, stack(0x000000ad24a00000,0x000000ad24b00000)]
  0x0000029248c09000 JavaThread "stdout" [_thread_in_native, id=12140, stack(0x000000ad24b00000,0x000000ad24c00000)]
  0x0000029248c12000 JavaThread "ForkJoinPool-1-worker-3" daemon [_thread_blocked, id=1832, stack(0x000000ad24c00000,0x000000ad24d00000)]
  0x0000029248c14800 JavaThread "ForkJoinPool-1-worker-5" daemon [_thread_blocked, id=10492, stack(0x000000ad24d00000,0x000000ad24e00000)]
  0x0000029248c15800 JavaThread "ForkJoinPool-1-worker-7" daemon [_thread_blocked, id=10456, stack(0x000000ad24e00000,0x000000ad24f00000)]
  0x0000029248c10800 JavaThread "ForkJoinPool-1-worker-1" daemon [_thread_blocked, id=11932, stack(0x000000ad24f00000,0x000000ad25000000)]

Other Threads:
=>0x0000029240106800 VMThread "VM Thread" [stack: 0x000000ad21400000,0x000000ad21500000] [id=11124]
  0x0000029240c0b800 WatcherThread [stack: 0x000000ad21e00000,0x000000ad21f00000] [id=16228]
  0x0000029226532800 GCTaskThread "GC Thread#0" [stack: 0x000000ad20f00000,0x000000ad21000000] [id=11540]
  0x0000029240cf5000 GCTaskThread "GC Thread#1" [stack: 0x000000ad21f00000,0x000000ad22000000] [id=11560]
  0x0000029241598000 GCTaskThread "GC Thread#2" [stack: 0x000000ad22000000,0x000000ad22100000] [id=14236]
  0x0000029240d93000 GCTaskThread "GC Thread#3" [stack: 0x000000ad22d00000,0x000000ad22e00000] [id=16000]
  0x0000029226564800 ConcurrentGCThread "G1 Main Marker" [stack: 0x000000ad21000000,0x000000ad21100000] [id=11208]
  0x0000029226567800 ConcurrentGCThread "G1 Conc#0" [stack: 0x000000ad21100000,0x000000ad21200000] [id=12216]
  0x00000292265f6000 ConcurrentGCThread "G1 Refine#0" [stack: 0x000000ad21200000,0x000000ad21300000] [id=12148]
  0x00000292265f7000 ConcurrentGCThread "G1 Young RemSet Sampling" [stack: 0x000000ad21300000,0x000000ad21400000] [id=2632]

Threads with active compile tasks:
C2 CompilerThread0 122987 13389       4       com.android.tools.r8.code.w1::a (4137 bytes)

VM state:at safepoint (normal execution)

VM Mutex/Monitor currently owned by a thread:  ([mutex/lock_event])
[0x0000029226519e10] Threads_lock - owner thread: 0x0000029240106800
[0x000002922651b640] Heap_lock - owner thread: 0x0000029248c15800

Heap address: 0x0000000080000000, size: 2048 MB, Compressed Oops mode: 32-bit
Narrow klass base: 0x0000000000000000, Narrow klass shift: 3
Compressed class space size: 1073741824 Address: 0x0000000100000000

Heap:
 garbage-first heap   total 976896K, used 245685K [0x0000000080000000, 0x0000000100000000)
  region size 1024K, 2 young (2048K), 2 survivors (2048K)
 Metaspace       used 99034K, capacity 101435K, committed 101628K, reserved 1136640K
  class space    used 12787K, capacity 13658K, committed 13696K, reserved 1048576K
Heap Regions: E=young(eden), S=young(survivor), O=old, HS=humongous(starts), HC=humongous(continues), CS=collection set, F=free, A=archive, TAMS=top-at-mark-start (previous, next)
|   0|0x0000000080000000, 0x0000000080100000, 0x0000000080100000|100%| O|  |TAMS 0x0000000080100000, 0x0000000080100000| Untracked 
|   1|0x0000000080100000, 0x0000000080200000, 0x0000000080200000|100%| O|  |TAMS 0x0000000080200000, 0x0000000080200000| Untracked 
|   2|0x0000000080200000, 0x0000000080300000, 0x0000000080300000|100%| O|  |TAMS 0x0000000080300000, 0x0000000080300000| Untracked 
|   3|0x0000000080300000, 0x0000000080400000, 0x0000000080400000|100%|HS|  |TAMS 0x0000000080400000, 0x0000000080400000| Complete 
|   4|0x0000000080400000, 0x0000000080500000, 0x0000000080500000|100%|HC|  |TAMS 0x0000000080500000, 0x0000000080500000| Complete 
|   5|0x0000000080500000, 0x0000000080600000, 0x0000000080600000|100%|HC|  |TAMS 0x0000000080600000, 0x0000000080600000| Complete 
|   6|0x0000000080600000, 0x0000000080700000, 0x0000000080700000|100%| O|  |TAMS 0x0000000080700000, 0x0000000080700000| Untracked 
|   7|0x0000000080700000, 0x0000000080800000, 0x0000000080800000|100%| O|  |TAMS 0x0000000080800000, 0x0000000080800000| Untracked 
|   8|0x0000000080800000, 0x0000000080900000, 0x0000000080900000|100%| O|  |TAMS 0x0000000080900000, 0x0000000080900000| Untracked 
|   9|0x0000000080900000, 0x0000000080a00000, 0x0000000080a00000|100%| O|  |TAMS 0x0000000080a00000, 0x0000000080a00000| Untracked 
|  10|0x0000000080a00000, 0x0000000080b00000, 0x0000000080b00000|100%| O|  |TAMS 0x0000000080b00000, 0x0000000080b00000| Untracked 
|  11|0x0000000080b00000, 0x0000000080c00000, 0x0000000080c00000|100%| O|  |TAMS 0x0000000080c00000, 0x0000000080c00000| Untracked 
|  12|0x0000000080c00000, 0x0000000080d00000, 0x0000000080d00000|100%| O|  |TAMS 0x0000000080d00000, 0x0000000080d00000| Untracked 
|  13|0x0000000080d00000, 0x0000000080e00000, 0x0000000080e00000|100%| O|  |TAMS 0x0000000080e00000, 0x0000000080e00000| Untracked 
|  14|0x0000000080e00000, 0x0000000080f00000, 0x0000000080f00000|100%| O|  |TAMS 0x0000000080f00000, 0x0000000080f00000| Untracked 
|  15|0x0000000080f00000, 0x0000000081000000, 0x0000000081000000|100%| O|  |TAMS 0x0000000081000000, 0x0000000081000000| Untracked 
|  16|0x0000000081000000, 0x0000000081100000, 0x0000000081100000|100%|HS|  |TAMS 0x0000000081100000, 0x0000000081100000| Complete 
|  17|0x0000000081100000, 0x0000000081200000, 0x0000000081200000|100%| O|  |TAMS 0x0000000081200000, 0x0000000081200000| Untracked 
|  18|0x0000000081200000, 0x0000000081300000, 0x0000000081300000|100%| O|  |TAMS 0x0000000081300000, 0x0000000081300000| Untracked 
|  19|0x0000000081300000, 0x0000000081400000, 0x0000000081400000|100%| O|  |TAMS 0x0000000081400000, 0x0000000081400000| Untracked 
|  20|0x0000000081400000, 0x0000000081500000, 0x0000000081500000|100%| O|  |TAMS 0x0000000081500000, 0x0000000081500000| Untracked 
|  21|0x0000000081500000, 0x0000000081600000, 0x0000000081600000|100%| O|  |TAMS 0x0000000081600000, 0x0000000081600000| Untracked 
|  22|0x0000000081600000, 0x0000000081700000, 0x0000000081700000|100%| O|  |TAMS 0x0000000081700000, 0x0000000081700000| Untracked 
|  23|0x0000000081700000, 0x0000000081800000, 0x0000000081800000|100%|HS|  |TAMS 0x0000000081800000, 0x0000000081800000| Complete 
|  24|0x0000000081800000, 0x0000000081900000, 0x0000000081900000|100%|HS|  |TAMS 0x0000000081900000, 0x0000000081900000| Complete 
|  25|0x0000000081900000, 0x0000000081a00000, 0x0000000081a00000|100%|HC|  |TAMS 0x0000000081a00000, 0x0000000081a00000| Complete 
|  26|0x0000000081a00000, 0x0000000081b00000, 0x0000000081b00000|100%| O|  |TAMS 0x0000000081b00000, 0x0000000081b00000| Untracked 
|  27|0x0000000081b00000, 0x0000000081c00000, 0x0000000081c00000|100%| O|  |TAMS 0x0000000081c00000, 0x0000000081c00000| Untracked 
|  28|0x0000000081c00000, 0x0000000081d00000, 0x0000000081d00000|100%| O|  |TAMS 0x0000000081d00000, 0x0000000081d00000| Untracked 
|  29|0x0000000081d00000, 0x0000000081e00000, 0x0000000081e00000|100%| O|  |TAMS 0x0000000081e00000, 0x0000000081e00000| Untracked 
|  30|0x0000000081e00000, 0x0000000081f00000, 0x0000000081f00000|100%| O|  |TAMS 0x0000000081f00000, 0x0000000081f00000| Untracked 
|  31|0x0000000081f00000, 0x0000000082000000, 0x0000000082000000|100%|HS|  |TAMS 0x0000000082000000, 0x0000000082000000| Complete 
|  32|0x0000000082000000, 0x0000000082100000, 0x0000000082100000|100%| O|  |TAMS 0x0000000082100000, 0x0000000082100000| Untracked 
|  33|0x0000000082100000, 0x0000000082200000, 0x0000000082200000|100%| O|  |TAMS 0x0000000082200000, 0x0000000082200000| Untracked 
|  34|0x0000000082200000, 0x0000000082300000, 0x0000000082300000|100%| O|  |TAMS 0x0000000082300000, 0x0000000082300000| Untracked 
|  35|0x0000000082300000, 0x0000000082400000, 0x0000000082400000|100%| O|  |TAMS 0x0000000082400000, 0x0000000082400000| Untracked 
|  36|0x0000000082400000, 0x0000000082500000, 0x0000000082500000|100%| O|  |TAMS 0x0000000082500000, 0x0000000082500000| Untracked 
|  37|0x0000000082500000, 0x0000000082600000, 0x0000000082600000|100%| O|  |TAMS 0x0000000082600000, 0x0000000082600000| Untracked 
|  38|0x0000000082600000, 0x0000000082700000, 0x0000000082700000|100%| O|  |TAMS 0x0000000082700000, 0x0000000082700000| Untracked 
|  39|0x0000000082700000, 0x0000000082800000, 0x0000000082800000|100%| O|  |TAMS 0x0000000082800000, 0x0000000082800000| Untracked 
|  40|0x0000000082800000, 0x0000000082900000, 0x0000000082900000|100%| O|  |TAMS 0x0000000082900000, 0x0000000082900000| Untracked 
|  41|0x0000000082900000, 0x0000000082a00000, 0x0000000082a00000|100%| O|  |TAMS 0x0000000082a00000, 0x0000000082a00000| Untracked 
|  42|0x0000000082a00000, 0x0000000082b00000, 0x0000000082b00000|100%| O|  |TAMS 0x0000000082b00000, 0x0000000082b00000| Untracked 
|  43|0x0000000082b00000, 0x0000000082c00000, 0x0000000082c00000|100%| O|  |TAMS 0x0000000082c00000, 0x0000000082c00000| Untracked 
|  44|0x0000000082c00000, 0x0000000082d00000, 0x0000000082d00000|100%| O|  |TAMS 0x0000000082d00000, 0x0000000082d00000| Untracked 
|  45|0x0000000082d00000, 0x0000000082e00000, 0x0000000082e00000|100%| O|  |TAMS 0x0000000082e00000, 0x0000000082e00000| Untracked 
|  46|0x0000000082e00000, 0x0000000082f00000, 0x0000000082f00000|100%| O|  |TAMS 0x0000000082f00000, 0x0000000082f00000| Untracked 
|  47|0x0000000082f00000, 0x0000000083000000, 0x0000000083000000|100%| O|  |TAMS 0x0000000083000000, 0x0000000083000000| Untracked 
|  48|0x0000000083000000, 0x0000000083100000, 0x0000000083100000|100%| O|  |TAMS 0x0000000083100000, 0x0000000083100000| Untracked 
|  49|0x0000000083100000, 0x0000000083200000, 0x0000000083200000|100%| O|  |TAMS 0x0000000083200000, 0x0000000083200000| Untracked 
|  50|0x0000000083200000, 0x0000000083300000, 0x0000000083300000|100%| O|  |TAMS 0x0000000083300000, 0x0000000083300000| Untracked 
|  51|0x0000000083300000, 0x0000000083400000, 0x0000000083400000|100%| O|  |TAMS 0x0000000083400000, 0x0000000083400000| Untracked 
|  52|0x0000000083400000, 0x0000000083500000, 0x0000000083500000|100%| O|  |TAMS 0x0000000083500000, 0x0000000083500000| Untracked 
|  53|0x0000000083500000, 0x0000000083600000, 0x0000000083600000|100%| O|  |TAMS 0x0000000083600000, 0x0000000083600000| Untracked 
|  54|0x0000000083600000, 0x0000000083700000, 0x0000000083700000|100%| O|  |TAMS 0x0000000083700000, 0x0000000083700000| Untracked 
|  55|0x0000000083700000, 0x0000000083800000, 0x0000000083800000|100%| O|  |TAMS 0x0000000083800000, 0x0000000083800000| Untracked 
|  56|0x0000000083800000, 0x0000000083900000, 0x0000000083900000|100%| O|  |TAMS 0x0000000083900000, 0x0000000083900000| Untracked 
|  57|0x0000000083900000, 0x0000000083a00000, 0x0000000083a00000|100%| O|  |TAMS 0x0000000083a00000, 0x0000000083a00000| Untracked 
|  58|0x0000000083a00000, 0x0000000083b00000, 0x0000000083b00000|100%| O|  |TAMS 0x0000000083b00000, 0x0000000083b00000| Untracked 
|  59|0x0000000083b00000, 0x0000000083c00000, 0x0000000083c00000|100%| O|  |TAMS 0x0000000083c00000, 0x0000000083c00000| Untracked 
|  60|0x0000000083c00000, 0x0000000083d00000, 0x0000000083d00000|100%| O|  |TAMS 0x0000000083d00000, 0x0000000083d00000| Untracked 
|  61|0x0000000083d00000, 0x0000000083e00000, 0x0000000083e00000|100%| O|  |TAMS 0x0000000083e00000, 0x0000000083e00000| Untracked 
|  62|0x0000000083e00000, 0x0000000083f00000, 0x0000000083f00000|100%| O|  |TAMS 0x0000000083f00000, 0x0000000083f00000| Untracked 
|  63|0x0000000083f00000, 0x0000000084000000, 0x0000000084000000|100%| O|  |TAMS 0x0000000084000000, 0x0000000084000000| Untracked 
|  64|0x0000000084000000, 0x0000000084100000, 0x0000000084100000|100%| O|  |TAMS 0x0000000084100000, 0x0000000084100000| Untracked 
|  65|0x0000000084100000, 0x0000000084200000, 0x0000000084200000|100%| O|  |TAMS 0x0000000084200000, 0x0000000084200000| Untracked 
|  66|0x0000000084200000, 0x0000000084300000, 0x0000000084300000|100%| O|  |TAMS 0x0000000084300000, 0x0000000084300000| Untracked 
|  67|0x0000000084300000, 0x0000000084400000, 0x0000000084400000|100%| O|  |TAMS 0x0000000084400000, 0x0000000084400000| Untracked 
|  68|0x0000000084400000, 0x0000000084500000, 0x0000000084500000|100%| O|  |TAMS 0x0000000084500000, 0x0000000084500000| Untracked 
|  69|0x0000000084500000, 0x0000000084600000, 0x0000000084600000|100%| O|  |TAMS 0x0000000084600000, 0x0000000084600000| Untracked 
|  70|0x0000000084600000, 0x0000000084700000, 0x0000000084700000|100%| O|  |TAMS 0x0000000084700000, 0x0000000084700000| Untracked 
|  71|0x0000000084700000, 0x0000000084800000, 0x0000000084800000|100%| O|  |TAMS 0x0000000084800000, 0x0000000084800000| Untracked 
|  72|0x0000000084800000, 0x0000000084900000, 0x0000000084900000|100%| O|  |TAMS 0x0000000084900000, 0x0000000084900000| Untracked 
|  73|0x0000000084900000, 0x0000000084a00000, 0x0000000084a00000|100%| O|  |TAMS 0x0000000084a00000, 0x0000000084a00000| Untracked 
|  74|0x0000000084a00000, 0x0000000084b00000, 0x0000000084b00000|100%| O|  |TAMS 0x0000000084b00000, 0x0000000084b00000| Untracked 
|  75|0x0000000084b00000, 0x0000000084c00000, 0x0000000084c00000|100%| O|  |TAMS 0x0000000084c00000, 0x0000000084c00000| Untracked 
|  76|0x0000000084c00000, 0x0000000084d00000, 0x0000000084d00000|100%| O|  |TAMS 0x0000000084d00000, 0x0000000084d00000| Untracked 
|  77|0x0000000084d00000, 0x0000000084e00000, 0x0000000084e00000|100%| O|  |TAMS 0x0000000084e00000, 0x0000000084e00000| Untracked 
|  78|0x0000000084e00000, 0x0000000084f00000, 0x0000000084f00000|100%| O|  |TAMS 0x0000000084f00000, 0x0000000084f00000| Untracked 
|  79|0x0000000084f00000, 0x0000000085000000, 0x0000000085000000|100%| O|  |TAMS 0x0000000085000000, 0x0000000085000000| Untracked 
|  80|0x0000000085000000, 0x0000000085100000, 0x0000000085100000|100%| O|  |TAMS 0x0000000085000000, 0x0000000085100000| Untracked 
|  81|0x0000000085100000, 0x0000000085200000, 0x0000000085200000|100%| O|  |TAMS 0x0000000085200000, 0x0000000085200000| Untracked 
|  82|0x0000000085200000, 0x0000000085300000, 0x0000000085300000|100%| O|  |TAMS 0x0000000085300000, 0x0000000085300000| Untracked 
|  83|0x0000000085300000, 0x0000000085400000, 0x0000000085400000|100%| O|  |TAMS 0x0000000085400000, 0x0000000085400000| Untracked 
|  84|0x0000000085400000, 0x0000000085500000, 0x0000000085500000|100%| O|  |TAMS 0x0000000085500000, 0x0000000085500000| Untracked 
|  85|0x0000000085500000, 0x0000000085600000, 0x0000000085600000|100%| O|  |TAMS 0x0000000085600000, 0x0000000085600000| Untracked 
|  86|0x0000000085600000, 0x0000000085700000, 0x0000000085700000|100%| O|  |TAMS 0x0000000085700000, 0x0000000085700000| Untracked 
|  87|0x0000000085700000, 0x0000000085800000, 0x0000000085800000|100%| O|  |TAMS 0x00000000857b9600, 0x0000000085800000| Untracked 
|  88|0x0000000085800000, 0x0000000085900000, 0x0000000085900000|100%| O|  |TAMS 0x0000000085800000, 0x0000000085900000| Untracked 
|  89|0x0000000085900000, 0x0000000085a00000, 0x0000000085a00000|100%| O|  |TAMS 0x0000000085a00000, 0x0000000085a00000| Untracked 
|  90|0x0000000085a00000, 0x0000000085b00000, 0x0000000085b00000|100%| O|  |TAMS 0x0000000085b00000, 0x0000000085b00000| Untracked 
|  91|0x0000000085b00000, 0x0000000085c00000, 0x0000000085c00000|100%| O|  |TAMS 0x0000000085c00000, 0x0000000085c00000| Untracked 
|  92|0x0000000085c00000, 0x0000000085d00000, 0x0000000085d00000|100%|HS|  |TAMS 0x0000000085d00000, 0x0000000085d00000| Complete 
|  93|0x0000000085d00000, 0x0000000085e00000, 0x0000000085e00000|100%|HC|  |TAMS 0x0000000085e00000, 0x0000000085e00000| Complete 
|  94|0x0000000085e00000, 0x0000000085f00000, 0x0000000085f00000|100%|HS|  |TAMS 0x0000000085f00000, 0x0000000085f00000| Complete 
|  95|0x0000000085f00000, 0x0000000086000000, 0x0000000086000000|100%|HS|  |TAMS 0x0000000086000000, 0x0000000086000000| Complete 
|  96|0x0000000086000000, 0x0000000086100000, 0x0000000086100000|100%|HS|  |TAMS 0x0000000086100000, 0x0000000086100000| Complete 
|  97|0x0000000086100000, 0x0000000086200000, 0x0000000086200000|100%|HC|  |TAMS 0x0000000086200000, 0x0000000086200000| Complete 
|  98|0x0000000086200000, 0x0000000086300000, 0x0000000086300000|100%|HS|  |TAMS 0x0000000086300000, 0x0000000086300000| Complete 
|  99|0x0000000086300000, 0x0000000086400000, 0x0000000086400000|100%| O|  |TAMS 0x0000000086300000, 0x0000000086400000| Untracked 
| 100|0x0000000086400000, 0x0000000086500000, 0x0000000086500000|100%|HS|  |TAMS 0x0000000086500000, 0x0000000086500000| Complete 
| 101|0x0000000086500000, 0x0000000086600000, 0x0000000086600000|100%|HS|  |TAMS 0x0000000086600000, 0x0000000086600000| Complete 
| 102|0x0000000086600000, 0x0000000086700000, 0x0000000086700000|100%|HS|  |TAMS 0x0000000086700000, 0x0000000086700000| Complete 
| 103|0x0000000086700000, 0x0000000086800000, 0x0000000086800000|100%|HS|  |TAMS 0x0000000086800000, 0x0000000086800000| Complete 
| 104|0x0000000086800000, 0x0000000086900000, 0x0000000086900000|100%|HC|  |TAMS 0x0000000086900000, 0x0000000086900000| Complete 
| 105|0x0000000086900000, 0x0000000086a00000, 0x0000000086a00000|100%|HS|  |TAMS 0x0000000086a00000, 0x0000000086a00000| Complete 
| 106|0x0000000086a00000, 0x0000000086b00000, 0x0000000086b00000|100%|HC|  |TAMS 0x0000000086b00000, 0x0000000086b00000| Complete 
| 107|0x0000000086b00000, 0x0000000086c00000, 0x0000000086c00000|100%|HC|  |TAMS 0x0000000086c00000, 0x0000000086c00000| Complete 
| 108|0x0000000086c00000, 0x0000000086d00000, 0x0000000086d00000|100%|HS|  |TAMS 0x0000000086d00000, 0x0000000086d00000| Complete 
| 109|0x0000000086d00000, 0x0000000086e00000, 0x0000000086e00000|100%| O|  |TAMS 0x0000000086e00000, 0x0000000086e00000| Untracked 
| 110|0x0000000086e00000, 0x0000000086f00000, 0x0000000086f00000|100%| O|  |TAMS 0x0000000086f00000, 0x0000000086f00000| Untracked 
| 111|0x0000000086f00000, 0x0000000087000000, 0x0000000087000000|100%| O|  |TAMS 0x0000000087000000, 0x0000000087000000| Untracked 
| 112|0x0000000087000000, 0x0000000087100000, 0x0000000087100000|100%| O|  |TAMS 0x0000000087100000, 0x0000000087100000| Untracked 
| 113|0x0000000087100000, 0x0000000087200000, 0x0000000087200000|100%| O|  |TAMS 0x0000000087200000, 0x0000000087200000| Untracked 
| 114|0x0000000087200000, 0x0000000087300000, 0x0000000087300000|100%| O|  |TAMS 0x0000000087200000, 0x0000000087300000| Untracked 
| 115|0x0000000087300000, 0x0000000087400000, 0x0000000087400000|100%| O|  |TAMS 0x0000000087400000, 0x0000000087400000| Untracked 
| 116|0x0000000087400000, 0x0000000087500000, 0x0000000087500000|100%|HS|  |TAMS 0x0000000087500000, 0x0000000087500000| Complete 
| 117|0x0000000087500000, 0x0000000087600000, 0x0000000087600000|100%| O|  |TAMS 0x0000000087600000, 0x0000000087600000| Untracked 
| 118|0x0000000087600000, 0x0000000087700000, 0x0000000087700000|100%| O|  |TAMS 0x0000000087700000, 0x0000000087700000| Untracked 
| 119|0x0000000087700000, 0x0000000087800000, 0x0000000087800000|100%| O|  |TAMS 0x0000000087800000, 0x0000000087800000| Untracked 
| 120|0x0000000087800000, 0x0000000087900000, 0x0000000087900000|100%| O|  |TAMS 0x0000000087900000, 0x0000000087900000| Untracked 
| 121|0x0000000087900000, 0x0000000087a00000, 0x0000000087a00000|100%| O|  |TAMS 0x0000000087a00000, 0x0000000087a00000| Untracked 
| 122|0x0000000087a00000, 0x0000000087b00000, 0x0000000087b00000|100%| O|  |TAMS 0x0000000087a00000, 0x0000000087b00000| Untracked 
| 123|0x0000000087b00000, 0x0000000087c00000, 0x0000000087c00000|100%|HS|  |TAMS 0x0000000087c00000, 0x0000000087c00000| Complete 
| 124|0x0000000087c00000, 0x0000000087d00000, 0x0000000087d00000|100%|HC|  |TAMS 0x0000000087d00000, 0x0000000087d00000| Complete 
| 125|0x0000000087d00000, 0x0000000087e00000, 0x0000000087e00000|100%|HC|  |TAMS 0x0000000087e00000, 0x0000000087e00000| Complete 
| 126|0x0000000087e00000, 0x0000000087f00000, 0x0000000087f00000|100%| O|  |TAMS 0x0000000087f00000, 0x0000000087f00000| Untracked 
| 127|0x0000000087f00000, 0x0000000088000000, 0x0000000088000000|100%| O|  |TAMS 0x0000000088000000, 0x0000000088000000| Untracked 
| 128|0x0000000088000000, 0x0000000088100000, 0x0000000088100000|100%| O|  |TAMS 0x0000000088100000, 0x0000000088100000| Untracked 
| 129|0x0000000088100000, 0x0000000088200000, 0x0000000088200000|100%|HS|  |TAMS 0x0000000088200000, 0x0000000088200000| Complete 
| 130|0x0000000088200000, 0x0000000088300000, 0x0000000088300000|100%|HC|  |TAMS 0x0000000088300000, 0x0000000088300000| Complete 
| 131|0x0000000088300000, 0x0000000088400000, 0x0000000088400000|100%| O|  |TAMS 0x0000000088400000, 0x0000000088400000| Untracked 
| 132|0x0000000088400000, 0x0000000088500000, 0x0000000088500000|100%|HS|  |TAMS 0x0000000088500000, 0x0000000088500000| Complete 
| 133|0x0000000088500000, 0x0000000088600000, 0x0000000088600000|100%|HS|  |TAMS 0x0000000088600000, 0x0000000088600000| Complete 
| 134|0x0000000088600000, 0x0000000088700000, 0x0000000088700000|100%|HS|  |TAMS 0x0000000088700000, 0x0000000088700000| Complete 
| 135|0x0000000088700000, 0x0000000088800000, 0x0000000088800000|100%| O|  |TAMS 0x0000000088800000, 0x0000000088800000| Untracked 
| 136|0x0000000088800000, 0x0000000088900000, 0x0000000088900000|100%| O|  |TAMS 0x0000000088900000, 0x0000000088900000| Untracked 
| 137|0x0000000088900000, 0x0000000088a00000, 0x0000000088a00000|100%| O|  |TAMS 0x0000000088a00000, 0x0000000088a00000| Untracked 
| 138|0x0000000088a00000, 0x0000000088b00000, 0x0000000088b00000|100%|HS|  |TAMS 0x0000000088b00000, 0x0000000088b00000| Complete 
| 139|0x0000000088b00000, 0x0000000088c00000, 0x0000000088c00000|100%|HC|  |TAMS 0x0000000088c00000, 0x0000000088c00000| Complete 
| 140|0x0000000088c00000, 0x0000000088d00000, 0x0000000088d00000|100%| O|  |TAMS 0x0000000088d00000, 0x0000000088d00000| Untracked 
| 141|0x0000000088d00000, 0x0000000088e00000, 0x0000000088e00000|100%|HS|  |TAMS 0x0000000088e00000, 0x0000000088e00000| Complete 
| 142|0x0000000088e00000, 0x0000000088f00000, 0x0000000088f00000|100%| O|  |TAMS 0x0000000088f00000, 0x0000000088f00000| Untracked 
| 143|0x0000000088f00000, 0x0000000089000000, 0x0000000089000000|100%|HS|  |TAMS 0x0000000089000000, 0x0000000089000000| Complete 
| 144|0x0000000089000000, 0x0000000089100000, 0x0000000089100000|100%| O|  |TAMS 0x0000000089100000, 0x0000000089100000| Untracked 
| 145|0x0000000089100000, 0x0000000089200000, 0x0000000089200000|100%|HS|  |TAMS 0x0000000089200000, 0x0000000089200000| Complete 
| 146|0x0000000089200000, 0x0000000089300000, 0x0000000089300000|100%| O|  |TAMS 0x0000000089300000, 0x0000000089300000| Untracked 
| 147|0x0000000089300000, 0x0000000089400000, 0x0000000089400000|100%| O|  |TAMS 0x0000000089400000, 0x0000000089400000| Untracked 
| 148|0x0000000089400000, 0x0000000089500000, 0x0000000089500000|100%|HS|  |TAMS 0x0000000089500000, 0x0000000089500000| Complete 
| 149|0x0000000089500000, 0x0000000089600000, 0x0000000089600000|100%|HC|  |TAMS 0x0000000089600000, 0x0000000089600000| Complete 
| 150|0x0000000089600000, 0x0000000089700000, 0x0000000089700000|100%| O|  |TAMS 0x0000000089700000, 0x0000000089700000| Untracked 
| 151|0x0000000089700000, 0x0000000089800000, 0x0000000089800000|100%| O|  |TAMS 0x0000000089800000, 0x0000000089800000| Untracked 
| 152|0x0000000089800000, 0x0000000089900000, 0x0000000089900000|100%| O|  |TAMS 0x0000000089900000, 0x0000000089900000| Untracked 
| 153|0x0000000089900000, 0x0000000089a00000, 0x0000000089a00000|100%|HS|  |TAMS 0x0000000089a00000, 0x0000000089a00000| Complete 
| 154|0x0000000089a00000, 0x0000000089b00000, 0x0000000089b00000|100%|HC|  |TAMS 0x0000000089b00000, 0x0000000089b00000| Complete 
| 155|0x0000000089b00000, 0x0000000089c00000, 0x0000000089c00000|100%|HC|  |TAMS 0x0000000089c00000, 0x0000000089c00000| Complete 
| 156|0x0000000089c00000, 0x0000000089d00000, 0x0000000089d00000|100%|HS|  |TAMS 0x0000000089c00000, 0x0000000089d00000| Complete 
| 157|0x0000000089d00000, 0x0000000089e00000, 0x0000000089e00000|100%|HS|  |TAMS 0x0000000089e00000, 0x0000000089e00000| Complete 
| 158|0x0000000089e00000, 0x0000000089f00000, 0x0000000089f00000|100%|HS|  |TAMS 0x0000000089e00000, 0x0000000089f00000| Complete 
| 159|0x0000000089f00000, 0x000000008a000000, 0x000000008a000000|100%|HS|  |TAMS 0x000000008a000000, 0x000000008a000000| Complete 
| 160|0x000000008a000000, 0x000000008a100000, 0x000000008a100000|100%| O|  |TAMS 0x000000008a000000, 0x000000008a100000| Untracked 
| 161|0x000000008a100000, 0x000000008a200000, 0x000000008a200000|100%|HS|  |TAMS 0x000000008a200000, 0x000000008a200000| Complete 
| 162|0x000000008a200000, 0x000000008a300000, 0x000000008a300000|100%| O|  |TAMS 0x000000008a200000, 0x000000008a300000| Untracked 
| 163|0x000000008a300000, 0x000000008a400000, 0x000000008a400000|100%| O|  |TAMS 0x000000008a300000, 0x000000008a400000| Untracked 
| 164|0x000000008a400000, 0x000000008a500000, 0x000000008a500000|100%| O|  |TAMS 0x000000008a400000, 0x000000008a500000| Untracked 
| 165|0x000000008a500000, 0x000000008a600000, 0x000000008a600000|100%|HS|  |TAMS 0x000000008a600000, 0x000000008a600000| Complete 
| 166|0x000000008a600000, 0x000000008a700000, 0x000000008a700000|100%|HC|  |TAMS 0x000000008a700000, 0x000000008a700000| Complete 
| 167|0x000000008a700000, 0x000000008a800000, 0x000000008a800000|100%|HC|  |TAMS 0x000000008a800000, 0x000000008a800000| Complete 
| 168|0x000000008a800000, 0x000000008a900000, 0x000000008a900000|100%| O|  |TAMS 0x000000008a800000, 0x000000008a900000| Untracked 
| 169|0x000000008a900000, 0x000000008aa00000, 0x000000008aa00000|100%| O|  |TAMS 0x000000008a900000, 0x000000008aa00000| Untracked 
| 170|0x000000008aa00000, 0x000000008ab00000, 0x000000008ab00000|100%| O|  |TAMS 0x000000008aa00000, 0x000000008ab00000| Untracked 
| 171|0x000000008ab00000, 0x000000008ac00000, 0x000000008ac00000|100%| O|  |TAMS 0x000000008ab00000, 0x000000008ac00000| Untracked 
| 172|0x000000008ac00000, 0x000000008ad00000, 0x000000008ad00000|100%| O|  |TAMS 0x000000008ac00000, 0x000000008ad00000| Untracked 
| 173|0x000000008ad00000, 0x000000008ae00000, 0x000000008ae00000|100%| O|  |TAMS 0x000000008ad00000, 0x000000008ae00000| Untracked 
| 174|0x000000008ae00000, 0x000000008af00000, 0x000000008af00000|100%| O|  |TAMS 0x000000008ae00000, 0x000000008af00000| Untracked 
| 175|0x000000008af00000, 0x000000008b000000, 0x000000008b000000|100%| O|  |TAMS 0x000000008af00000, 0x000000008b000000| Untracked 
| 176|0x000000008b000000, 0x000000008b100000, 0x000000008b100000|100%|HS|  |TAMS 0x000000008b000000, 0x000000008b100000| Complete 
| 177|0x000000008b100000, 0x000000008b200000, 0x000000008b200000|100%|HC|  |TAMS 0x000000008b100000, 0x000000008b200000| Complete 
| 178|0x000000008b200000, 0x000000008b300000, 0x000000008b300000|100%|HS|  |TAMS 0x000000008b200000, 0x000000008b300000| Complete 
| 179|0x000000008b300000, 0x000000008b400000, 0x000000008b400000|100%|HC|  |TAMS 0x000000008b300000, 0x000000008b400000| Complete 
| 180|0x000000008b400000, 0x000000008b500000, 0x000000008b500000|100%| O|  |TAMS 0x000000008b400000, 0x000000008b500000| Untracked 
| 181|0x000000008b500000, 0x000000008b600000, 0x000000008b600000|100%| O|  |TAMS 0x000000008b500000, 0x000000008b600000| Untracked 
| 182|0x000000008b600000, 0x000000008b700000, 0x000000008b700000|100%| O|  |TAMS 0x000000008b600000, 0x000000008b700000| Untracked 
| 183|0x000000008b700000, 0x000000008b800000, 0x000000008b800000|100%| O|  |TAMS 0x000000008b700000, 0x000000008b800000| Untracked 
| 184|0x000000008b800000, 0x000000008b900000, 0x000000008b900000|100%| O|  |TAMS 0x000000008b800000, 0x000000008b900000| Untracked 
| 185|0x000000008b900000, 0x000000008ba00000, 0x000000008ba00000|100%| O|  |TAMS 0x000000008b900000, 0x000000008ba00000| Untracked 
| 186|0x000000008ba00000, 0x000000008bb00000, 0x000000008bb00000|100%| O|  |TAMS 0x000000008ba00000, 0x000000008bb00000| Untracked 
| 187|0x000000008bb00000, 0x000000008bc00000, 0x000000008bc00000|100%| O|  |TAMS 0x000000008bb00000, 0x000000008bc00000| Untracked 
| 188|0x000000008bc00000, 0x000000008bd00000, 0x000000008bd00000|100%| O|  |TAMS 0x000000008bc00000, 0x000000008bd00000| Untracked 
| 189|0x000000008bd00000, 0x000000008be00000, 0x000000008be00000|100%| O|  |TAMS 0x000000008be00000, 0x000000008be00000| Untracked 
| 190|0x000000008be00000, 0x000000008bf00000, 0x000000008bf00000|100%| O|  |TAMS 0x000000008bf00000, 0x000000008bf00000| Untracked 
| 191|0x000000008bf00000, 0x000000008c000000, 0x000000008c000000|100%| O|  |TAMS 0x000000008c000000, 0x000000008c000000| Untracked 
| 192|0x000000008c000000, 0x000000008c100000, 0x000000008c100000|100%| O|  |TAMS 0x000000008c100000, 0x000000008c100000| Untracked 
| 193|0x000000008c100000, 0x000000008c200000, 0x000000008c200000|100%| O|  |TAMS 0x000000008c200000, 0x000000008c200000| Untracked 
| 194|0x000000008c200000, 0x000000008c300000, 0x000000008c300000|100%| O|  |TAMS 0x000000008c300000, 0x000000008c300000| Untracked 
| 195|0x000000008c300000, 0x000000008c400000, 0x000000008c400000|100%| O|  |TAMS 0x000000008c400000, 0x000000008c400000| Untracked 
| 196|0x000000008c400000, 0x000000008c500000, 0x000000008c500000|100%| O|  |TAMS 0x000000008c400000, 0x000000008c500000| Untracked 
| 197|0x000000008c500000, 0x000000008c600000, 0x000000008c600000|100%| O|  |TAMS 0x000000008c500000, 0x000000008c600000| Untracked 
| 198|0x000000008c600000, 0x000000008c700000, 0x000000008c700000|100%| O|  |TAMS 0x000000008c600000, 0x000000008c700000| Untracked 
| 199|0x000000008c700000, 0x000000008c800000, 0x000000008c800000|100%| O|  |TAMS 0x000000008c700000, 0x000000008c800000| Untracked 
| 200|0x000000008c800000, 0x000000008c900000, 0x000000008c900000|100%| O|  |TAMS 0x000000008c800000, 0x000000008c900000| Untracked 
| 201|0x000000008c900000, 0x000000008ca00000, 0x000000008ca00000|100%| O|  |TAMS 0x000000008c900000, 0x000000008ca00000| Untracked 
| 202|0x000000008ca00000, 0x000000008cb00000, 0x000000008cb00000|100%| O|  |TAMS 0x000000008ca00000, 0x000000008cb00000| Untracked 
| 203|0x000000008cb00000, 0x000000008cc00000, 0x000000008cc00000|100%| O|  |TAMS 0x000000008cb00000, 0x000000008cc00000| Untracked 
| 204|0x000000008cc00000, 0x000000008cd00000, 0x000000008cd00000|100%| O|  |TAMS 0x000000008cc00000, 0x000000008cd00000| Untracked 
| 205|0x000000008cd00000, 0x000000008ce00000, 0x000000008ce00000|100%| O|  |TAMS 0x000000008cd00000, 0x000000008ce00000| Untracked 
| 206|0x000000008ce00000, 0x000000008cf00000, 0x000000008cf00000|100%| O|  |TAMS 0x000000008ce00000, 0x000000008cf00000| Untracked 
| 207|0x000000008cf00000, 0x000000008d000000, 0x000000008d000000|100%| O|  |TAMS 0x000000008cf00000, 0x000000008d000000| Untracked 
| 208|0x000000008d000000, 0x000000008d100000, 0x000000008d100000|100%| O|  |TAMS 0x000000008d000000, 0x000000008d100000| Untracked 
| 209|0x000000008d100000, 0x000000008d200000, 0x000000008d200000|100%| O|  |TAMS 0x000000008d100000, 0x000000008d200000| Untracked 
| 210|0x000000008d200000, 0x000000008d300000, 0x000000008d300000|100%| O|  |TAMS 0x000000008d200000, 0x000000008d300000| Untracked 
| 211|0x000000008d300000, 0x000000008d400000, 0x000000008d400000|100%| O|  |TAMS 0x000000008d300000, 0x000000008d400000| Untracked 
| 212|0x000000008d400000, 0x000000008d500000, 0x000000008d500000|100%| O|  |TAMS 0x000000008d400000, 0x000000008d500000| Untracked 
| 213|0x000000008d500000, 0x000000008d600000, 0x000000008d600000|100%| O|  |TAMS 0x000000008d500000, 0x000000008d600000| Untracked 
| 214|0x000000008d600000, 0x000000008d700000, 0x000000008d700000|100%| O|  |TAMS 0x000000008d600000, 0x000000008d700000| Untracked 
| 215|0x000000008d700000, 0x000000008d800000, 0x000000008d800000|100%| O|  |TAMS 0x000000008d700000, 0x000000008d800000| Untracked 
| 216|0x000000008d800000, 0x000000008d900000, 0x000000008d900000|100%| O|  |TAMS 0x000000008d800000, 0x000000008d900000| Untracked 
| 217|0x000000008d900000, 0x000000008da00000, 0x000000008da00000|100%| O|  |TAMS 0x000000008d900000, 0x000000008da00000| Untracked 
| 218|0x000000008da00000, 0x000000008db00000, 0x000000008db00000|100%| O|  |TAMS 0x000000008da00000, 0x000000008db00000| Untracked 
| 219|0x000000008db00000, 0x000000008dc00000, 0x000000008dc00000|100%| O|  |TAMS 0x000000008db00000, 0x000000008dc00000| Untracked 
| 220|0x000000008dc00000, 0x000000008dd00000, 0x000000008dd00000|100%| O|  |TAMS 0x000000008dc00000, 0x000000008dd00000| Untracked 
| 221|0x000000008dd00000, 0x000000008de00000, 0x000000008de00000|100%| O|  |TAMS 0x000000008dd00000, 0x000000008de00000| Untracked 
| 222|0x000000008de00000, 0x000000008df00000, 0x000000008df00000|100%| O|  |TAMS 0x000000008de00000, 0x000000008df00000| Untracked 
| 223|0x000000008df00000, 0x000000008e000000, 0x000000008e000000|100%| O|  |TAMS 0x000000008df00000, 0x000000008e000000| Untracked 
| 224|0x000000008e000000, 0x000000008e100000, 0x000000008e100000|100%| O|  |TAMS 0x000000008e000000, 0x000000008e100000| Untracked 
| 225|0x000000008e100000, 0x000000008e200000, 0x000000008e200000|100%| O|  |TAMS 0x000000008e100000, 0x000000008e200000| Untracked 
| 226|0x000000008e200000, 0x000000008e300000, 0x000000008e300000|100%| O|  |TAMS 0x000000008e200000, 0x000000008e300000| Untracked 
| 227|0x000000008e300000, 0x000000008e400000, 0x000000008e400000|100%| O|  |TAMS 0x000000008e300000, 0x000000008e400000| Untracked 
| 228|0x000000008e400000, 0x000000008e500000, 0x000000008e500000|100%| O|  |TAMS 0x000000008e400000, 0x000000008e500000| Untracked 
| 229|0x000000008e500000, 0x000000008e600000, 0x000000008e600000|100%| O|  |TAMS 0x000000008e500000, 0x000000008e600000| Untracked 
| 230|0x000000008e600000, 0x000000008e700000, 0x000000008e700000|100%| O|  |TAMS 0x000000008e600000, 0x000000008e680000| Untracked 
| 231|0x000000008e700000, 0x000000008e800000, 0x000000008e800000|100%| O|  |TAMS 0x000000008e700000, 0x000000008e700000| Untracked 
| 232|0x000000008e800000, 0x000000008e900000, 0x000000008e900000|100%| O|  |TAMS 0x000000008e800000, 0x000000008e800000| Untracked 
| 233|0x000000008e900000, 0x000000008ea00000, 0x000000008ea00000|100%| O|  |TAMS 0x000000008e900000, 0x000000008e900000| Untracked 
| 234|0x000000008ea00000, 0x000000008eb00000, 0x000000008eb00000|100%| O|  |TAMS 0x000000008ea00000, 0x000000008ea00000| Untracked 
| 235|0x000000008eb00000, 0x000000008ec00000, 0x000000008ec00000|100%| O|  |TAMS 0x000000008eb00000, 0x000000008eb00000| Untracked 
| 236|0x000000008ec00000, 0x000000008ed00000, 0x000000008ed00000|100%| O|  |TAMS 0x000000008ec00000, 0x000000008ec00000| Untracked 
| 237|0x000000008ed00000, 0x000000008eded600, 0x000000008ee00000| 92%| O|  |TAMS 0x000000008ed00000, 0x000000008ed00000| Untracked 
| 238|0x000000008ee00000, 0x000000008ee00000, 0x000000008ef00000|  0%| F|  |TAMS 0x000000008ee00000, 0x000000008ee00000| Untracked 
| 239|0x000000008ef00000, 0x000000008ef00000, 0x000000008f000000|  0%| F|  |TAMS 0x000000008ef00000, 0x000000008ef00000| Untracked 
| 240|0x000000008f000000, 0x000000008f000000, 0x000000008f100000|  0%| F|  |TAMS 0x000000008f000000, 0x000000008f000000| Untracked 
| 241|0x000000008f100000, 0x000000008f100000, 0x000000008f200000|  0%| F|  |TAMS 0x000000008f100000, 0x000000008f100000| Untracked 
| 242|0x000000008f200000, 0x000000008f200000, 0x000000008f300000|  0%| F|  |TAMS 0x000000008f200000, 0x000000008f200000| Untracked 
| 243|0x000000008f300000, 0x000000008f300000, 0x000000008f400000|  0%| F|  |TAMS 0x000000008f300000, 0x000000008f300000| Untracked 
| 244|0x000000008f400000, 0x000000008f400000, 0x000000008f500000|  0%| F|  |TAMS 0x000000008f400000, 0x000000008f400000| Untracked 
| 245|0x000000008f500000, 0x000000008f500000, 0x000000008f600000|  0%| F|  |TAMS 0x000000008f500000, 0x000000008f500000| Untracked 
| 246|0x000000008f600000, 0x000000008f600000, 0x000000008f700000|  0%| F|  |TAMS 0x000000008f600000, 0x000000008f600000| Untracked 
| 247|0x000000008f700000, 0x000000008f700000, 0x000000008f800000|  0%| F|  |TAMS 0x000000008f700000, 0x000000008f700000| Untracked 
| 248|0x000000008f800000, 0x000000008f800000, 0x000000008f900000|  0%| F|  |TAMS 0x000000008f800000, 0x000000008f800000| Untracked 
| 249|0x000000008f900000, 0x000000008f900000, 0x000000008fa00000|  0%| F|  |TAMS 0x000000008f900000, 0x000000008f900000| Untracked 
| 250|0x000000008fa00000, 0x000000008fa00000, 0x000000008fb00000|  0%| F|  |TAMS 0x000000008fa00000, 0x000000008fa00000| Untracked 
| 251|0x000000008fb00000, 0x000000008fb00000, 0x000000008fc00000|  0%| F|  |TAMS 0x000000008fb00000, 0x000000008fb00000| Untracked 
| 252|0x000000008fc00000, 0x000000008fc00000, 0x000000008fd00000|  0%| F|  |TAMS 0x000000008fc00000, 0x000000008fc00000| Untracked 
| 253|0x000000008fd00000, 0x000000008fd00000, 0x000000008fe00000|  0%| F|  |TAMS 0x000000008fd00000, 0x000000008fd00000| Untracked 
| 254|0x000000008fe00000, 0x000000008fe00000, 0x000000008ff00000|  0%| F|  |TAMS 0x000000008fe00000, 0x000000008fe00000| Untracked 
| 255|0x000000008ff00000, 0x000000008ff00000, 0x0000000090000000|  0%| F|  |TAMS 0x000000008ff00000, 0x000000008ff00000| Untracked 
| 256|0x0000000090000000, 0x0000000090000000, 0x0000000090100000|  0%| F|  |TAMS 0x0000000090000000, 0x0000000090000000| Untracked 
| 257|0x0000000090100000, 0x0000000090100000, 0x0000000090200000|  0%| F|  |TAMS 0x0000000090100000, 0x0000000090100000| Untracked 
| 258|0x0000000090200000, 0x0000000090200000, 0x0000000090300000|  0%| F|  |TAMS 0x0000000090200000, 0x0000000090200000| Untracked 
| 259|0x0000000090300000, 0x0000000090300000, 0x0000000090400000|  0%| F|  |TAMS 0x0000000090300000, 0x0000000090300000| Untracked 
| 260|0x0000000090400000, 0x0000000090400000, 0x0000000090500000|  0%| F|  |TAMS 0x0000000090400000, 0x0000000090400000| Untracked 
| 261|0x0000000090500000, 0x0000000090500000, 0x0000000090600000|  0%| F|  |TAMS 0x0000000090500000, 0x0000000090500000| Untracked 
| 262|0x0000000090600000, 0x0000000090600000, 0x0000000090700000|  0%| F|  |TAMS 0x0000000090600000, 0x0000000090600000| Untracked 
| 263|0x0000000090700000, 0x0000000090700000, 0x0000000090800000|  0%| F|  |TAMS 0x0000000090700000, 0x0000000090700000| Untracked 
| 264|0x0000000090800000, 0x0000000090800000, 0x0000000090900000|  0%| F|  |TAMS 0x0000000090800000, 0x0000000090800000| Untracked 
| 265|0x0000000090900000, 0x0000000090900000, 0x0000000090a00000|  0%| F|  |TAMS 0x0000000090900000, 0x0000000090900000| Untracked 
| 266|0x0000000090a00000, 0x0000000090a00000, 0x0000000090b00000|  0%| F|  |TAMS 0x0000000090a00000, 0x0000000090a00000| Untracked 
| 267|0x0000000090b00000, 0x0000000090b00000, 0x0000000090c00000|  0%| F|  |TAMS 0x0000000090b00000, 0x0000000090b00000| Untracked 
| 268|0x0000000090c00000, 0x0000000090c00000, 0x0000000090d00000|  0%| F|  |TAMS 0x0000000090c00000, 0x0000000090c00000| Untracked 
| 269|0x0000000090d00000, 0x0000000090d00000, 0x0000000090e00000|  0%| F|  |TAMS 0x0000000090d00000, 0x0000000090d00000| Untracked 
| 270|0x0000000090e00000, 0x0000000090e00000, 0x0000000090f00000|  0%| F|  |TAMS 0x0000000090e00000, 0x0000000090e00000| Untracked 
| 271|0x0000000090f00000, 0x0000000090f00000, 0x0000000091000000|  0%| F|  |TAMS 0x0000000090f00000, 0x0000000090f00000| Untracked 
| 272|0x0000000091000000, 0x0000000091000000, 0x0000000091100000|  0%| F|  |TAMS 0x0000000091000000, 0x0000000091000000| Untracked 
| 273|0x0000000091100000, 0x0000000091100000, 0x0000000091200000|  0%| F|  |TAMS 0x0000000091100000, 0x0000000091100000| Untracked 
| 274|0x0000000091200000, 0x0000000091200000, 0x0000000091300000|  0%| F|  |TAMS 0x0000000091200000, 0x0000000091200000| Untracked 
| 275|0x0000000091300000, 0x0000000091300000, 0x0000000091400000|  0%| F|  |TAMS 0x0000000091300000, 0x0000000091300000| Untracked 
| 276|0x0000000091400000, 0x0000000091400000, 0x0000000091500000|  0%| F|  |TAMS 0x0000000091400000, 0x0000000091400000| Untracked 
| 277|0x0000000091500000, 0x0000000091500000, 0x0000000091600000|  0%| F|  |TAMS 0x0000000091500000, 0x0000000091500000| Untracked 
| 278|0x0000000091600000, 0x0000000091600000, 0x0000000091700000|  0%| F|  |TAMS 0x0000000091600000, 0x0000000091600000| Untracked 
| 279|0x0000000091700000, 0x0000000091700000, 0x0000000091800000|  0%| F|  |TAMS 0x0000000091700000, 0x0000000091700000| Untracked 
| 280|0x0000000091800000, 0x0000000091800000, 0x0000000091900000|  0%| F|  |TAMS 0x0000000091800000, 0x0000000091800000| Untracked 
| 281|0x0000000091900000, 0x0000000091900000, 0x0000000091a00000|  0%| F|  |TAMS 0x0000000091900000, 0x0000000091900000| Untracked 
| 282|0x0000000091a00000, 0x0000000091a00000, 0x0000000091b00000|  0%| F|  |TAMS 0x0000000091a00000, 0x0000000091a00000| Untracked 
| 283|0x0000000091b00000, 0x0000000091b00000, 0x0000000091c00000|  0%| F|  |TAMS 0x0000000091b00000, 0x0000000091b00000| Untracked 
| 284|0x0000000091c00000, 0x0000000091c00000, 0x0000000091d00000|  0%| F|  |TAMS 0x0000000091c00000, 0x0000000091c00000| Untracked 
| 285|0x0000000091d00000, 0x0000000091d00000, 0x0000000091e00000|  0%| F|  |TAMS 0x0000000091d00000, 0x0000000091d00000| Untracked 
| 286|0x0000000091e00000, 0x0000000091e00000, 0x0000000091f00000|  0%| F|  |TAMS 0x0000000091e00000, 0x0000000091e00000| Untracked 
| 287|0x0000000091f00000, 0x0000000091f00000, 0x0000000092000000|  0%| F|  |TAMS 0x0000000091f00000, 0x0000000091f00000| Untracked 
| 288|0x0000000092000000, 0x0000000092000000, 0x0000000092100000|  0%| F|  |TAMS 0x0000000092000000, 0x0000000092000000| Untracked 
| 289|0x0000000092100000, 0x0000000092100000, 0x0000000092200000|  0%| F|  |TAMS 0x0000000092100000, 0x0000000092100000| Untracked 
| 290|0x0000000092200000, 0x0000000092200000, 0x0000000092300000|  0%| F|  |TAMS 0x0000000092200000, 0x0000000092200000| Untracked 
| 291|0x0000000092300000, 0x0000000092300000, 0x0000000092400000|  0%| F|  |TAMS 0x0000000092300000, 0x0000000092300000| Untracked 
| 292|0x0000000092400000, 0x0000000092400000, 0x0000000092500000|  0%| F|  |TAMS 0x0000000092400000, 0x0000000092400000| Untracked 
| 293|0x0000000092500000, 0x0000000092500000, 0x0000000092600000|  0%| F|  |TAMS 0x0000000092500000, 0x0000000092500000| Untracked 
| 294|0x0000000092600000, 0x0000000092600000, 0x0000000092700000|  0%| F|  |TAMS 0x0000000092600000, 0x0000000092600000| Untracked 
| 295|0x0000000092700000, 0x0000000092700000, 0x0000000092800000|  0%| F|  |TAMS 0x0000000092700000, 0x0000000092700000| Untracked 
| 296|0x0000000092800000, 0x0000000092800000, 0x0000000092900000|  0%| F|  |TAMS 0x0000000092800000, 0x0000000092800000| Untracked 
| 297|0x0000000092900000, 0x0000000092900000, 0x0000000092a00000|  0%| F|  |TAMS 0x0000000092900000, 0x0000000092900000| Untracked 
| 298|0x0000000092a00000, 0x0000000092a00000, 0x0000000092b00000|  0%| F|  |TAMS 0x0000000092a00000, 0x0000000092a00000| Untracked 
| 299|0x0000000092b00000, 0x0000000092b00000, 0x0000000092c00000|  0%| F|  |TAMS 0x0000000092b00000, 0x0000000092b00000| Untracked 
| 300|0x0000000092c00000, 0x0000000092c00000, 0x0000000092d00000|  0%| F|  |TAMS 0x0000000092c00000, 0x0000000092c00000| Untracked 
| 301|0x0000000092d00000, 0x0000000092e00000, 0x0000000092e00000|100%| S|CS|TAMS 0x0000000092d00000, 0x0000000092d00000| Complete 
| 302|0x0000000092e00000, 0x0000000092f00000, 0x0000000092f00000|100%| S|CS|TAMS 0x0000000092e00000, 0x0000000092e00000| Complete 
| 303|0x0000000092f00000, 0x0000000092f00000, 0x0000000093000000|  0%| F|  |TAMS 0x0000000092f00000, 0x0000000092f00000| Untracked 
| 304|0x0000000093000000, 0x0000000093000000, 0x0000000093100000|  0%| F|  |TAMS 0x0000000093000000, 0x0000000093000000| Untracked 
| 305|0x0000000093100000, 0x0000000093100000, 0x0000000093200000|  0%| F|  |TAMS 0x0000000093100000, 0x0000000093100000| Untracked 
| 306|0x0000000093200000, 0x0000000093200000, 0x0000000093300000|  0%| F|  |TAMS 0x0000000093200000, 0x0000000093200000| Untracked 
| 307|0x0000000093300000, 0x0000000093300000, 0x0000000093400000|  0%| F|  |TAMS 0x0000000093300000, 0x0000000093300000| Untracked 
| 308|0x0000000093400000, 0x0000000093400000, 0x0000000093500000|  0%| F|  |TAMS 0x0000000093400000, 0x0000000093400000| Untracked 
| 309|0x0000000093500000, 0x0000000093500000, 0x0000000093600000|  0%| F|  |TAMS 0x0000000093500000, 0x0000000093500000| Untracked 
| 310|0x0000000093600000, 0x0000000093600000, 0x0000000093700000|  0%| F|  |TAMS 0x0000000093600000, 0x0000000093600000| Untracked 
| 311|0x0000000093700000, 0x0000000093700000, 0x0000000093800000|  0%| F|  |TAMS 0x0000000093700000, 0x0000000093700000| Untracked 
| 312|0x0000000093800000, 0x0000000093800000, 0x0000000093900000|  0%| F|  |TAMS 0x0000000093800000, 0x0000000093800000| Untracked 
| 313|0x0000000093900000, 0x0000000093900000, 0x0000000093a00000|  0%| F|  |TAMS 0x0000000093900000, 0x0000000093900000| Untracked 
| 314|0x0000000093a00000, 0x0000000093a00000, 0x0000000093b00000|  0%| F|  |TAMS 0x0000000093a00000, 0x0000000093a00000| Untracked 
| 315|0x0000000093b00000, 0x0000000093b00000, 0x0000000093c00000|  0%| F|  |TAMS 0x0000000093b00000, 0x0000000093b00000| Untracked 
| 316|0x0000000093c00000, 0x0000000093c00000, 0x0000000093d00000|  0%| F|  |TAMS 0x0000000093c00000, 0x0000000093c00000| Untracked 
| 317|0x0000000093d00000, 0x0000000093d00000, 0x0000000093e00000|  0%| F|  |TAMS 0x0000000093d00000, 0x0000000093d00000| Untracked 

Card table byte_map: [0x0000029239420000,0x0000029239820000] _byte_map_base: 0x0000029239020000

Marking Bits (Prev, Next): (CMBitMap*) 0x000002922655b7b8, (CMBitMap*) 0x000002922655b7f0
 Prev Bits: [0x0000029239c20000, 0x000002923bc20000)
 Next Bits: [0x000002923bc20000, 0x000002923dc20000)

Polling page: 0x0000029224390000

Metaspace:

Usage:
  Non-class:     85.72 MB capacity,    84.23 MB ( 98%) used,     1.22 MB (  1%) free+waste,   275.69 KB ( <1%) overhead. 
      Class:     13.34 MB capacity,    12.49 MB ( 94%) used,   748.53 KB (  5%) free+waste,   122.44 KB ( <1%) overhead. 
       Both:     99.06 MB capacity,    96.71 MB ( 98%) used,     1.96 MB (  2%) free+waste,   398.13 KB ( <1%) overhead. 

Virtual space:
  Non-class space:       86.00 MB reserved,      85.87 MB (>99%) committed 
      Class space:        1.00 GB reserved,      13.38 MB (  1%) committed 
             Both:        1.08 GB reserved,      99.25 MB (  9%) committed 

Chunk freelists:
   Non-Class:  27.00 KB
       Class:  6.00 KB
        Both:  33.00 KB

MaxMetaspaceSize: 17179869184.00 GB
CompressedClassSpaceSize: 1.00 GB

CodeHeap 'non-profiled nmethods': size=120064Kb used=8529Kb max_used=8529Kb free=111534Kb
 bounds [0x0000029231ae0000, 0x0000029232340000, 0x0000029239020000]
CodeHeap 'profiled nmethods': size=120000Kb used=28795Kb max_used=28795Kb free=91204Kb
 bounds [0x000002922a5b0000, 0x000002922c1d0000, 0x0000029231ae0000]
CodeHeap 'non-nmethods': size=5696Kb used=2320Kb max_used=2357Kb free=3375Kb
 bounds [0x000002922a020000, 0x000002922a290000, 0x000002922a5b0000]
 total_blobs=14267 nmethods=13338 adapters=840
 compilation: enabled
              stopped_count=0, restarted_count=0
 full_count=0

Compilation events (20 events):
Event: 113.323 Thread 0x000002924013b800 13609       2       java.nio.ShortBuffer::<init> (22 bytes)
Event: 113.324 Thread 0x000002924013b800 nmethod 13609 0x000002922c1cc490 code [0x000002922c1cc640, 0x000002922c1cc7c8]
Event: 113.324 Thread 0x000002924013b800 13610       2       com.android.tools.r8.code.K::<init> (5 bytes)
Event: 113.324 Thread 0x000002924013b800 nmethod 13610 0x000002922c1cc890 code [0x000002922c1cca40, 0x000002922c1ccb38]
Event: 113.324 Thread 0x000002924013b800 13616       2       com.android.tools.r8.graph.E$b$a::<init> (15 bytes)
Event: 113.324 Thread 0x000002924013b800 nmethod 13616 0x000002922c1ccc10 code [0x000002922c1ccdc0, 0x000002922c1ccf18]
Event: 113.337 Thread 0x000002924013b800 13621       2       com.android.tools.r8.graph.N0::a (23 bytes)
Event: 113.338 Thread 0x000002924013b800 nmethod 13621 0x000002922c1ccf90 code [0x000002922c1cd140, 0x000002922c1cd2b8]
Event: 113.343 Thread 0x000002924013b800 13622       2       com.android.tools.r8.code.d2::<init> (7 bytes)
Event: 113.343 Thread 0x000002924013b800 nmethod 13622 0x000002922c1cd390 code [0x000002922c1cd540, 0x000002922c1cd698]
Event: 113.346 Thread 0x000002924013b800 13623       2       com.android.tools.r8.code.m::<init> (7 bytes)
Event: 113.347 Thread 0x000002924013b800 nmethod 13623 0x000002922c1cd790 code [0x000002922c1cd960, 0x000002922c1cdb98]
Event: 113.353 Thread 0x000002924013b800 13624       2       com.android.tools.r8.graph.E$a::<init> (24 bytes)
Event: 113.353 Thread 0x000002924013b800 nmethod 13624 0x000002922c1cdd90 code [0x000002922c1cdf40, 0x000002922c1ce058]
Event: 113.360 Thread 0x000002924013b800 13625       2       com.android.tools.r8.internal.A0::iterator (5 bytes)
Event: 113.360 Thread 0x000002924013b800 nmethod 13625 0x000002922c1ce110 code [0x000002922c1ce2c0, 0x000002922c1ce4a8]
Event: 113.364 Thread 0x000002924013b800 13627       2       com.android.tools.r8.internal.mu$f::<init> (41 bytes)
Event: 113.365 Thread 0x000002924013b800 nmethod 13627 0x000002922c1ce590 code [0x000002922c1ce740, 0x000002922c1ce8b8]
Event: 113.370 Thread 0x000002924013b800 13628       2       com.android.tools.r8.code.t3::<init> (7 bytes)
Event: 113.371 Thread 0x000002924013b800 nmethod 13628 0x000002922c1ce990 code [0x000002922c1ceb60, 0x000002922c1ced98]

GC Heap History (20 events):
Event: 99.292 GC heap after
{Heap after GC invocations=69 (full 0):
 garbage-first heap   total 200704K, used 167587K [0x0000000080000000, 0x0000000100000000)
  region size 1024K, 2 young (2048K), 2 survivors (2048K)
 Metaspace       used 96674K, capacity 98936K, committed 99068K, reserved 1134592K
  class space    used 12303K, capacity 13123K, committed 13184K, reserved 1048576K
}
Event: 99.341 GC heap before
{Heap before GC invocations=69 (full 0):
 garbage-first heap   total 200704K, used 173731K [0x0000000080000000, 0x0000000100000000)
  region size 1024K, 9 young (9216K), 2 survivors (2048K)
 Metaspace       used 96675K, capacity 98936K, committed 99068K, reserved 1134592K
  class space    used 12303K, capacity 13123K, committed 13184K, reserved 1048576K
}
Event: 99.359 GC heap after
{Heap after GC invocations=70 (full 0):
 garbage-first heap   total 200704K, used 171749K [0x0000000080000000, 0x0000000100000000)
  region size 1024K, 2 young (2048K), 2 survivors (2048K)
 Metaspace       used 96675K, capacity 98936K, committed 99068K, reserved 1134592K
  class space    used 12303K, capacity 13123K, committed 13184K, reserved 1048576K
}
Event: 99.458 GC heap before
{Heap before GC invocations=70 (full 0):
 garbage-first heap   total 200704K, used 178917K [0x0000000080000000, 0x0000000100000000)
  region size 1024K, 9 young (9216K), 2 survivors (2048K)
 Metaspace       used 96675K, capacity 98936K, committed 99068K, reserved 1134592K
  class space    used 12303K, capacity 13123K, committed 13184K, reserved 1048576K
}
Event: 99.478 GC heap after
{Heap after GC invocations=71 (full 0):
 garbage-first heap   total 241664K, used 175104K [0x0000000080000000, 0x0000000100000000)
  region size 1024K, 2 young (2048K), 2 survivors (2048K)
 Metaspace       used 96675K, capacity 98936K, committed 99068K, reserved 1134592K
  class space    used 12303K, capacity 13123K, committed 13184K, reserved 1048576K
}
Event: 99.907 GC heap before
{Heap before GC invocations=71 (full 0):
 garbage-first heap   total 241664K, used 192512K [0x0000000080000000, 0x0000000100000000)
  region size 1024K, 18 young (18432K), 2 survivors (2048K)
 Metaspace       used 96675K, capacity 98936K, committed 99068K, reserved 1134592K
  class space    used 12303K, capacity 13123K, committed 13184K, reserved 1048576K
}
Event: 99.960 GC heap after
{Heap after GC invocations=72 (full 0):
 garbage-first heap   total 241664K, used 183875K [0x0000000080000000, 0x0000000100000000)
  region size 1024K, 3 young (3072K), 3 survivors (3072K)
 Metaspace       used 96675K, capacity 98936K, committed 99068K, reserved 1134592K
  class space    used 12303K, capacity 13123K, committed 13184K, reserved 1048576K
}
Event: 100.143 GC heap before
{Heap before GC invocations=72 (full 0):
 garbage-first heap   total 241664K, used 197187K [0x0000000080000000, 0x0000000100000000)
  region size 1024K, 16 young (16384K), 3 survivors (3072K)
 Metaspace       used 96675K, capacity 98936K, committed 99068K, reserved 1134592K
  class space    used 12303K, capacity 13123K, committed 13184K, reserved 1048576K
}
Event: 100.177 GC heap after
{Heap after GC invocations=73 (full 0):
 garbage-first heap   total 241664K, used 189112K [0x0000000080000000, 0x0000000100000000)
  region size 1024K, 2 young (2048K), 2 survivors (2048K)
 Metaspace       used 96675K, capacity 98936K, committed 99068K, reserved 1134592K
  class space    used 12303K, capacity 13123K, committed 13184K, reserved 1048576K
}
Event: 100.310 GC heap before
{Heap before GC invocations=74 (full 0):
 garbage-first heap   total 241664K, used 204472K [0x0000000080000000, 0x0000000100000000)
  region size 1024K, 14 young (14336K), 2 survivors (2048K)
 Metaspace       used 96675K, capacity 98936K, committed 99068K, reserved 1134592K
  class space    used 12303K, capacity 13123K, committed 13184K, reserved 1048576K
}
Event: 100.346 GC heap after
{Heap after GC invocations=75 (full 0):
 garbage-first heap   total 241664K, used 199680K [0x0000000080000000, 0x0000000100000000)
  region size 1024K, 2 young (2048K), 2 survivors (2048K)
 Metaspace       used 96675K, capacity 98936K, committed 99068K, reserved 1134592K
  class space    used 12303K, capacity 13123K, committed 13184K, reserved 1048576K
}
Event: 100.442 GC heap before
{Heap before GC invocations=75 (full 0):
 garbage-first heap   total 241664K, used 207872K [0x0000000080000000, 0x0000000100000000)
  region size 1024K, 11 young (11264K), 2 survivors (2048K)
 Metaspace       used 96675K, capacity 98936K, committed 99068K, reserved 1134592K
  class space    used 12303K, capacity 13123K, committed 13184K, reserved 1048576K
}
Event: 100.575 GC heap after
{Heap after GC invocations=76 (full 0):
 garbage-first heap   total 325632K, used 202752K [0x0000000080000000, 0x0000000100000000)
  region size 1024K, 2 young (2048K), 2 survivors (2048K)
 Metaspace       used 96675K, capacity 98936K, committed 99068K, reserved 1134592K
  class space    used 12303K, capacity 13123K, committed 13184K, reserved 1048576K
}
Event: 110.262 GC heap before
{Heap before GC invocations=76 (full 0):
 garbage-first heap   total 325632K, used 234496K [0x0000000080000000, 0x0000000100000000)
  region size 1024K, 34 young (34816K), 2 survivors (2048K)
 Metaspace       used 98991K, capacity 101366K, committed 101628K, reserved 1136640K
  class space    used 12787K, capacity 13658K, committed 13696K, reserved 1048576K
}
Event: 110.335 GC heap after
{Heap after GC invocations=77 (full 0):
 garbage-first heap   total 325632K, used 216064K [0x0000000080000000, 0x0000000100000000)
  region size 1024K, 5 young (5120K), 5 survivors (5120K)
 Metaspace       used 98991K, capacity 101366K, committed 101628K, reserved 1136640K
  class space    used 12787K, capacity 13658K, committed 13696K, reserved 1048576K
}
Event: 110.911 GC heap before
{Heap before GC invocations=77 (full 0):
 garbage-first heap   total 325632K, used 245760K [0x0000000080000000, 0x0000000100000000)
  region size 1024K, 34 young (34816K), 5 survivors (5120K)
 Metaspace       used 99031K, capacity 101435K, committed 101628K, reserved 1136640K
  class space    used 12787K, capacity 13658K, committed 13696K, reserved 1048576K
}
Event: 111.412 GC heap after
{Heap after GC invocations=78 (full 0):
 garbage-first heap   total 325632K, used 231848K [0x0000000080000000, 0x0000000100000000)
  region size 1024K, 5 young (5120K), 5 survivors (5120K)
 Metaspace       used 99031K, capacity 101435K, committed 101628K, reserved 1136640K
  class space    used 12787K, capacity 13658K, committed 13696K, reserved 1048576K
}
Event: 111.566 GC heap before
{Heap before GC invocations=78 (full 0):
 garbage-first heap   total 325632K, used 242088K [0x0000000080000000, 0x0000000100000000)
  region size 1024K, 15 young (15360K), 5 survivors (5120K)
 Metaspace       used 99032K, capacity 101435K, committed 101628K, reserved 1136640K
  class space    used 12787K, capacity 13658K, committed 13696K, reserved 1048576K
}
Event: 113.318 GC heap after
{Heap after GC invocations=79 (full 0):
 garbage-first heap   total 325632K, used 238080K [0x0000000080000000, 0x0000000100000000)
  region size 1024K, 2 young (2048K), 2 survivors (2048K)
 Metaspace       used 99032K, capacity 101435K, committed 101628K, reserved 1136640K
  class space    used 12787K, capacity 13658K, committed 13696K, reserved 1048576K
}
Event: 113.478 GC heap before
{Heap before GC invocations=79 (full 0):
 garbage-first heap   total 325632K, used 251392K [0x0000000080000000, 0x0000000100000000)
  region size 1024K, 15 young (15360K), 2 survivors (2048K)
 Metaspace       used 99034K, capacity 101435K, committed 101628K, reserved 1136640K
  class space    used 12787K, capacity 13658K, committed 13696K, reserved 1048576K
}

Deoptimization events (20 events):
Event: 113.372 Thread 0x0000029248c10800 DEOPT PACKING pc=0x000002922c10c75d sp=0x000000ad24ffeb30
Event: 113.372 Thread 0x0000029248c10800 DEOPT UNPACKING pc=0x000002922a046d5e sp=0x000000ad24ffe158 mode 0
Event: 113.374 Thread 0x0000029248c14800 DEOPT PACKING pc=0x000002922c10c75d sp=0x000000ad24dfed00
Event: 113.374 Thread 0x0000029248c14800 DEOPT UNPACKING pc=0x000002922a046d5e sp=0x000000ad24dfe328 mode 0
Event: 113.377 Thread 0x0000029248c14800 DEOPT PACKING pc=0x000002922c10c75d sp=0x000000ad24dfed00
Event: 113.377 Thread 0x0000029248c14800 DEOPT UNPACKING pc=0x000002922a046d5e sp=0x000000ad24dfe328 mode 0
Event: 113.380 Thread 0x0000029248c10800 DEOPT PACKING pc=0x000002922c10c75d sp=0x000000ad24ffeb50
Event: 113.380 Thread 0x0000029248c10800 DEOPT UNPACKING pc=0x000002922a046d5e sp=0x000000ad24ffe178 mode 0
Event: 113.384 Thread 0x0000029248c14800 DEOPT PACKING pc=0x000002922c10c75d sp=0x000000ad24dfed00
Event: 113.384 Thread 0x0000029248c14800 DEOPT UNPACKING pc=0x000002922a046d5e sp=0x000000ad24dfe328 mode 0
Event: 113.386 Thread 0x0000029248c10800 DEOPT PACKING pc=0x000002922c10c75d sp=0x000000ad24ffeb50
Event: 113.386 Thread 0x0000029248c10800 DEOPT UNPACKING pc=0x000002922a046d5e sp=0x000000ad24ffe178 mode 0
Event: 113.391 Thread 0x0000029248c12000 DEOPT PACKING pc=0x000002922c10c75d sp=0x000000ad24cfea10
Event: 113.391 Thread 0x0000029248c12000 DEOPT UNPACKING pc=0x000002922a046d5e sp=0x000000ad24cfe038 mode 0
Event: 113.393 Thread 0x0000029248c12000 DEOPT PACKING pc=0x000002922c10c75d sp=0x000000ad24cfe9f0
Event: 113.393 Thread 0x0000029248c12000 DEOPT UNPACKING pc=0x000002922a046d5e sp=0x000000ad24cfe018 mode 0
Event: 113.396 Thread 0x0000029248c15800 DEOPT PACKING pc=0x000002922c10c75d sp=0x000000ad24efe8c0
Event: 113.396 Thread 0x0000029248c15800 DEOPT UNPACKING pc=0x000002922a046d5e sp=0x000000ad24efdee8 mode 0
Event: 113.405 Thread 0x0000029248c14800 DEOPT PACKING pc=0x000002922c10c75d sp=0x000000ad24dfed00
Event: 113.405 Thread 0x0000029248c14800 DEOPT UNPACKING pc=0x000002922a046d5e sp=0x000000ad24dfe328 mode 0

Classes redefined (0 events):
No events

Internal exceptions (20 events):
Event: 94.869 Thread 0x0000029248c0a000 Exception <a 'java/lang/NoSuchMethodError'{0x000000008a3a5af0}: <clinit>> (0x000000008a3a5af0) thrown at [./src/hotspot/share/prims/jni.cpp, line 1362]
Event: 94.869 Thread 0x0000029248c0a000 Exception <a 'java/lang/NoSuchMethodError'{0x000000008a3a8240}: <clinit>> (0x000000008a3a8240) thrown at [./src/hotspot/share/prims/jni.cpp, line 1362]
Event: 94.873 Thread 0x0000029248c0a000 Exception <a 'java/lang/NoSuchMethodError'{0x000000008a3c1250}: <clinit>> (0x000000008a3c1250) thrown at [./src/hotspot/share/prims/jni.cpp, line 1362]
Event: 94.873 Thread 0x0000029248c0a000 Exception <a 'java/lang/NoSuchMethodError'{0x000000008a3c2730}: <clinit>> (0x000000008a3c2730) thrown at [./src/hotspot/share/prims/jni.cpp, line 1362]
Event: 95.346 Thread 0x0000029248c0a000 Exception <a 'java/lang/NoSuchMethodError'{0x000000008b8851b0}: <clinit>> (0x000000008b8851b0) thrown at [./src/hotspot/share/prims/jni.cpp, line 1362]
Event: 95.353 Thread 0x0000029248c0a000 Exception <a 'java/lang/NoSuchMethodError'{0x000000008b8c36a8}: <clinit>> (0x000000008b8c36a8) thrown at [./src/hotspot/share/prims/jni.cpp, line 1362]
Event: 95.356 Thread 0x0000029248c0a000 Exception <a 'java/lang/NoSuchMethodError'{0x000000008b8d6688}: <clinit>> (0x000000008b8d6688) thrown at [./src/hotspot/share/prims/jni.cpp, line 1362]
Event: 95.827 Thread 0x0000029248c0b800 Exception <a 'java/lang/NoSuchMethodError'{0x000000008b49ca00}: 'void java.lang.invoke.DirectMethodHandle$Holder.invokeStatic(java.lang.Object, long)'> (0x000000008b49ca00) thrown at [./src/hotspot/share/interpreter/linkResolver.cpp, line 773]
Event: 95.827 Thread 0x0000029248c0b800 Exception <a 'java/lang/NoSuchMethodError'{0x000000008b4fd828}: 'java.lang.Object java.lang.invoke.DirectMethodHandle$Holder.invokeStatic(java.lang.Object, long)'> (0x000000008b4fd828) thrown at [./src/hotspot/share/interpreter/linkResolver.cpp, line 773]
Event: 95.828 Thread 0x0000029248c0b800 Exception <a 'java/lang/NoSuchMethodError'{0x000000008b303df8}: 'java.lang.Object java.lang.invoke.Invokers$Holder.linkToTargetMethod(long, java.lang.Object)'> (0x000000008b303df8) thrown at [./src/hotspot/share/interpreter/linkResolver.cpp, line 773]
Event: 95.829 Thread 0x0000029248c0b800 Exception <a 'java/lang/NoSuchMethodError'{0x000000008b30c630}: 'java.lang.Object java.lang.invoke.DirectMethodHandle$Holder.invokeStaticInit(java.lang.Object, java.lang.Object, long, java.lang.Object)'> (0x000000008b30c630) thrown at [./src/hotspot/share/interpreter/linkResolver.cpp, line 773]
Event: 95.829 Thread 0x0000029248c0b800 Exception <a 'java/lang/NoSuchMethodError'{0x000000008b312c58}: 'java.lang.Object java.lang.invoke.DirectMethodHandle$Holder.invokeStatic(java.lang.Object, java.lang.Object, long)'> (0x000000008b312c58) thrown at [./src/hotspot/share/interpreter/linkResolver.cpp, line 773]
Event: 95.830 Thread 0x0000029248c0b800 Exception <a 'java/lang/NoSuchMethodError'{0x000000008b3191d0}: 'java.lang.Object java.lang.invoke.Invokers$Holder.linkToTargetMethod(java.lang.Object, long, java.lang.Object)'> (0x000000008b3191d0) thrown at [./src/hotspot/share/interpreter/linkResolver.cpp, line 773]
Event: 98.532 Thread 0x0000029248c08800 Exception <a 'java/lang/NoSuchMethodError'{0x000000008af98b80}: 'java.lang.Object java.lang.invoke.DirectMethodHandle$Holder.invokeStatic(java.lang.Object, java.lang.Object, java.lang.Object, java.lang.Object, java.lang.Object, java.lang.Object, java.lang.Object, java.lang.Object, java.lang.Object, java.lang.Object, java.lang.Object, java.lang.Object, java.lang.Object, java.lang.Object, java.lang.Object, java.lang.Object, java.lang.Object, java.lang.Object, int, java.lang.Object)'> (0x000000008af98b80) thr
Event: 98.532 Thread 0x0000029248c08800 Exception <a 'java/lang/NoSuchMethodError'{0x000000008af9e410}: 'java.lang.Object java.lang.invoke.DirectMethodHandle$Holder.invokeStaticInit(java.lang.Object, java.lang.Object, java.lang.Object, java.lang.Object, java.lang.Object, java.lang.Object, java.lang.Object, java.lang.Object, java.lang.Object, java.lang.Object, java.lang.Object, java.lang.Object, java.lang.Object, java.lang.Object, java.lang.Object, java.lang.Object, java.lang.Object, java.lang.Object, int, java.lang.Object)'> (0x000000008af9e410)
Event: 102.842 Thread 0x0000029248c0b800 Exception <a 'java/lang/NoSuchMethodError'{0x00000000933f48d0}: 'int java.lang.invoke.DirectMethodHandle$Holder.invokeSpecialIFC(java.lang.Object, java.lang.Object, java.lang.Object)'> (0x00000000933f48d0) thrown at [./src/hotspot/share/interpreter/linkResolver.cpp, line 773]
Event: 106.721 Thread 0x0000029248c14800 Exception <a 'java/lang/IncompatibleClassChangeError'{0x00000000934ffac0}: Found class java.lang.Object, but interface was expected> (0x00000000934ffac0) thrown at [./src/hotspot/share/interpreter/linkResolver.cpp, line 839]
Event: 107.239 Thread 0x0000029248c15800 Exception <a 'java/lang/NoSuchMethodError'{0x0000000093333738}: 'java.lang.Object java.lang.invoke.DirectMethodHandle$Holder.newInvokeSpecial(java.lang.Object, int)'> (0x0000000093333738) thrown at [./src/hotspot/share/interpreter/linkResolver.cpp, line 773]
Event: 107.488 Thread 0x0000029248c14800 Exception <a 'java/lang/IncompatibleClassChangeError'{0x00000000932a5378}: Found class java.lang.Object, but interface was expected> (0x00000000932a5378) thrown at [./src/hotspot/share/interpreter/linkResolver.cpp, line 839]
Event: 107.530 Thread 0x0000029248c14800 Exception <a 'java/lang/IncompatibleClassChangeError'{0x00000000932ac7f0}: Found class java.lang.Object, but interface was expected> (0x00000000932ac7f0) thrown at [./src/hotspot/share/interpreter/linkResolver.cpp, line 839]

Events (20 events):
Event: 110.050 loading class com/android/tools/r8/internal/qr
Event: 110.050 loading class com/android/tools/r8/internal/qr done
Event: 110.050 loading class com/android/tools/r8/internal/qr
Event: 110.050 loading class com/android/tools/r8/internal/qr done
Event: 110.051 loading class com/android/tools/r8/internal/mu$d
Event: 110.051 loading class com/android/tools/r8/internal/mu$d done
Event: 110.051 loading class com/android/tools/r8/internal/nu
Event: 110.051 loading class com/android/tools/r8/internal/nu done
Event: 110.073 loading class com/android/tools/r8/internal/Zc
Event: 110.073 loading class com/android/tools/r8/internal/Zc done
Event: 110.087 loading class com/android/tools/r8/internal/cq
Event: 110.087 loading class com/android/tools/r8/internal/cq done
Event: 110.261 Executing VM operation: G1CollectForAllocation
Event: 110.335 Executing VM operation: G1CollectForAllocation done
Event: 110.882 Executing VM operation: G1CollectForAllocation
Event: 111.412 Executing VM operation: G1CollectForAllocation done
Event: 111.462 Loaded shared library C:\Program Files\Android\Android Studio\jre\bin\java.dll
Event: 111.547 Executing VM operation: G1CollectForAllocation
Event: 113.318 Executing VM operation: G1CollectForAllocation done
Event: 113.406 Executing VM operation: G1CollectForAllocation


Dynamic libraries:
0x00007ff6c7d40000 - 0x00007ff6c7d4a000 	C:\Program Files\Android\Android Studio\jre\bin\java.exe
0x00007ffc1c570000 - 0x00007ffc1c765000 	C:\Windows\SYSTEM32\ntdll.dll
0x00007ffc1a830000 - 0x00007ffc1a8ed000 	C:\Windows\System32\KERNEL32.DLL
0x00007ffc1a310000 - 0x00007ffc1a5d7000 	C:\Windows\System32\KERNELBASE.dll
0x00007ffc1a000000 - 0x00007ffc1a100000 	C:\Windows\System32\ucrtbase.dll
0x00007ffc052e0000 - 0x00007ffc052f7000 	C:\Program Files\Android\Android Studio\jre\bin\VCRUNTIME140.dll
0x00007ffc05fd0000 - 0x00007ffc05fe9000 	C:\Program Files\Android\Android Studio\jre\bin\jli.dll
0x00007ffc1a690000 - 0x00007ffc1a830000 	C:\Windows\System32\USER32.dll
0x00007ffc14a80000 - 0x00007ffc14d1a000 	C:\Windows\WinSxS\amd64_microsoft.windows.common-controls_6595b64144ccf1df_6.0.19041.1_none_b555e41d4684ddec\COMCTL32.dll
0x00007ffc19ee0000 - 0x00007ffc19f02000 	C:\Windows\System32\win32u.dll
0x00007ffc1a9a0000 - 0x00007ffc1a9ca000 	C:\Windows\System32\GDI32.dll
0x00007ffc19da0000 - 0x00007ffc19eaa000 	C:\Windows\System32\gdi32full.dll
0x00007ffc1c030000 - 0x00007ffc1c0ce000 	C:\Windows\System32\msvcrt.dll
0x00007ffc19f10000 - 0x00007ffc19fad000 	C:\Windows\System32\msvcp_win.dll
0x00007ffc1b030000 - 0x00007ffc1b060000 	C:\Windows\System32\IMM32.DLL
0x00007ffbf3cd0000 - 0x00007ffbf3d6d000 	C:\Program Files\Android\Android Studio\jre\bin\msvcp140.dll
0x00007ffbc3950000 - 0x00007ffbc4425000 	C:\Program Files\Android\Android Studio\jre\bin\server\jvm.dll
0x00007ffc1a5e0000 - 0x00007ffc1a68a000 	C:\Windows\System32\ADVAPI32.dll
0x00007ffc1aa60000 - 0x00007ffc1aafb000 	C:\Windows\System32\sechost.dll
0x00007ffc1c310000 - 0x00007ffc1c433000 	C:\Windows\System32\RPCRT4.dll
0x00007ffc1a9d0000 - 0x00007ffc1a9d8000 	C:\Windows\System32\PSAPI.DLL
0x00007ffc11b70000 - 0x00007ffc11b7a000 	C:\Windows\SYSTEM32\VERSION.dll
0x00007ffc146d0000 - 0x00007ffc146f7000 	C:\Windows\SYSTEM32\WINMM.dll
0x00007ffc14d60000 - 0x00007ffc14d69000 	C:\Windows\SYSTEM32\WSOCK32.dll
0x00007ffc1b0c0000 - 0x00007ffc1b12b000 	C:\Windows\System32\ws2_32.DLL
0x00007ffc17b60000 - 0x00007ffc17b73000 	C:\Windows\SYSTEM32\kernel.appcore.dll
0x00007ffc08e30000 - 0x00007ffc08e41000 	C:\Program Files\Android\Android Studio\jre\bin\verify.dll
0x00007ffc10430000 - 0x00007ffc10614000 	C:\Windows\SYSTEM32\DBGHELP.DLL
0x00007ffc0c050000 - 0x00007ffc0c07c000 	C:\Windows\SYSTEM32\dbgcore.DLL
0x00007ffc19d20000 - 0x00007ffc19d9f000 	C:\Windows\System32\bcryptPrimitives.dll
0x00007ffc07b20000 - 0x00007ffc07b49000 	C:\Program Files\Android\Android Studio\jre\bin\java.dll
0x00007ffc08e20000 - 0x00007ffc08e2b000 	C:\Program Files\Android\Android Studio\jre\bin\jimage.dll
0x00007ffc06c00000 - 0x00007ffc06c18000 	C:\Program Files\Android\Android Studio\jre\bin\zip.dll
0x00007ffc1b8f0000 - 0x00007ffc1c030000 	C:\Windows\System32\SHELL32.dll
0x00007ffc17e40000 - 0x00007ffc185d1000 	C:\Windows\SYSTEM32\windows.storage.dll
0x00007ffc1acc0000 - 0x00007ffc1b013000 	C:\Windows\System32\combase.dll
0x00007ffc19670000 - 0x00007ffc1969c000 	C:\Windows\SYSTEM32\Wldp.dll
0x00007ffc1a8f0000 - 0x00007ffc1a99e000 	C:\Windows\System32\SHCORE.dll
0x00007ffc1b060000 - 0x00007ffc1b0b5000 	C:\Windows\System32\shlwapi.dll
0x00007ffc19c00000 - 0x00007ffc19c1f000 	C:\Windows\SYSTEM32\profapi.dll
0x00007ffc06550000 - 0x00007ffc0656a000 	C:\Program Files\Android\Android Studio\jre\bin\net.dll
0x00007ffc0b0e0000 - 0x00007ffc0b1e0000 	C:\Windows\SYSTEM32\WINHTTP.dll
0x00007ffc193f0000 - 0x00007ffc1945a000 	C:\Windows\system32\mswsock.dll
0x00007ffc06530000 - 0x00007ffc06544000 	C:\Program Files\Android\Android Studio\jre\bin\nio.dll
0x00007ffc08df0000 - 0x00007ffc08e17000 	D:\AndroidSdk\Sdk\native\8bec1ad78214c89d9ad589b4d07fe93259594b29d510b10fafb7a158f7737e5d\windows-amd64\native-platform.dll
0x00007ffbe5490000 - 0x00007ffbe55cd000 	D:\AndroidSdk\Sdk\native\53dbd7edfb1c66fb8903c78663c9afc45aea4f116125fa6feffd364cf09443e8\windows-amd64\native-platform-file-events.dll
0x00007ffc08c50000 - 0x00007ffc08c5a000 	C:\Program Files\Android\Android Studio\jre\bin\management.dll
0x00007ffc08810000 - 0x00007ffc0881d000 	C:\Program Files\Android\Android Studio\jre\bin\management_ext.dll
0x00007ffc195c0000 - 0x00007ffc195d8000 	C:\Windows\SYSTEM32\CRYPTSP.dll
0x00007ffc18d80000 - 0x00007ffc18db4000 	C:\Windows\system32\rsaenh.dll
0x00007ffc19eb0000 - 0x00007ffc19ed7000 	C:\Windows\System32\bcrypt.dll
0x00007ffc19b30000 - 0x00007ffc19b5e000 	C:\Windows\SYSTEM32\USERENV.dll
0x00007ffc195e0000 - 0x00007ffc195ec000 	C:\Windows\SYSTEM32\CRYPTBASE.dll
0x00007ffc190e0000 - 0x00007ffc1911b000 	C:\Windows\SYSTEM32\IPHLPAPI.DLL
0x00007ffc1c440000 - 0x00007ffc1c449000 	C:\Windows\System32\NSI.dll
0x00007ffc12c90000 - 0x00007ffc12ca7000 	C:\Windows\SYSTEM32\dhcpcsvc6.DLL
0x00007ffc12df0000 - 0x00007ffc12e0d000 	C:\Windows\SYSTEM32\dhcpcsvc.DLL
0x00007ffc19120000 - 0x00007ffc191ea000 	C:\Windows\SYSTEM32\DNSAPI.dll

dbghelp: loaded successfully - version: 4.0.5 - missing functions: none
symbol engine: initialized successfully - sym options: 0x614 - pdb path: .;C:\Program Files\Android\Android Studio\jre\bin;C:\Windows\SYSTEM32;C:\Windows\WinSxS\amd64_microsoft.windows.common-controls_6595b64144ccf1df_6.0.19041.1_none_b555e41d4684ddec;C:\Program Files\Android\Android Studio\jre\bin\server;D:\AndroidSdk\Sdk\native\8bec1ad78214c89d9ad589b4d07fe93259594b29d510b10fafb7a158f7737e5d\windows-amd64;D:\AndroidSdk\Sdk\native\53dbd7edfb1c66fb8903c78663c9afc45aea4f116125fa6feffd364cf09443e8\windows-amd64

VM Arguments:
jvm_args: --add-opens=java.base/java.util=ALL-UNNAMED --add-opens=java.base/java.lang=ALL-UNNAMED --add-opens=java.base/java.lang.invoke=ALL-UNNAMED --add-opens=java.base/java.util=ALL-UNNAMED --add-opens=java.prefs/java.util.prefs=ALL-UNNAMED --add-opens=java.prefs/java.util.prefs=ALL-UNNAMED --add-opens=java.base/java.nio.charset=ALL-UNNAMED --add-opens=java.base/java.net=ALL-UNNAMED --add-opens=java.base/java.util.concurrent.atomic=ALL-UNNAMED -Xmx2048m -Dfile.encoding=UTF-8 -Duser.country=US -Duser.language=en -Duser.variant 
java_command: org.gradle.launcher.daemon.bootstrap.GradleDaemon 7.0.2
java_class_path (initial): D:\AndroidSdk\Sdk\wrapper\dists\gradle-7.0.2-bin\857tjihv64xamwrf0h14cai3r\gradle-7.0.2\lib\gradle-launcher-7.0.2.jar
Launcher Type: SUN_STANDARD

[Global flags]
     intx CICompilerCount                          = 3                                         {product} {ergonomic}
     uint ConcGCThreads                            = 1                                         {product} {ergonomic}
     uint G1ConcRefinementThreads                  = 4                                         {product} {ergonomic}
   size_t G1HeapRegionSize                         = 1048576                                   {product} {ergonomic}
    uintx GCDrainStackTargetSize                   = 64                                        {product} {ergonomic}
   size_t InitialHeapSize                          = 134217728                                 {product} {ergonomic}
   size_t MarkStackSize                            = 4194304                                   {product} {ergonomic}
   size_t MaxHeapSize                              = 2147483648                                {product} {command line}
   size_t MaxNewSize                               = 1287651328                                {product} {ergonomic}
   size_t MinHeapDeltaBytes                        = 1048576                                   {product} {ergonomic}
    uintx NonNMethodCodeHeapSize                   = 5830732                                {pd product} {ergonomic}
    uintx NonProfiledCodeHeapSize                  = 122913754                              {pd product} {ergonomic}
    uintx ProfiledCodeHeapSize                     = 122913754                              {pd product} {ergonomic}
    uintx ReservedCodeCacheSize                    = 251658240                              {pd product} {ergonomic}
     bool SegmentedCodeCache                       = true                                      {product} {ergonomic}
     bool UseCompressedClassPointers               = true                                 {lp64_product} {ergonomic}
     bool UseCompressedOops                        = true                                 {lp64_product} {ergonomic}
     bool UseG1GC                                  = true                                      {product} {ergonomic}
     bool UseLargePagesIndividualAllocation        = false                                  {pd product} {ergonomic}

Logging:
Log output configuration:
 #0: stdout all=warning uptime,level,tags
 #1: stderr all=off uptime,level,tags

Environment Variables:
PATH=C:\Windows\system32;C:\Windows;C:\Windows\System32\Wbem;C:\Windows\System32\WindowsPowerShell\v1.0\;C:\Windows\System32\OpenSSH\;C:\Program Files\nodejs\;C:\Program Files (x86)\Intel\OpenCL SDK\2.0\bin\x86;C:\Program Files (x86)\Intel\OpenCL SDK\2.0\bin\x64;C:\Users\German\AppData\Local\Microsoft\WindowsApps;C:\Users\German\AppData\Roaming\npm;D:\Installed Apps\Microsoft VS Code\bin
USERNAME=German
OS=Windows_NT
PROCESSOR_IDENTIFIER=Intel64 Family 6 Model 42 Stepping 7, GenuineIntel



---------------  S Y S T E M  ---------------

OS: Windows 10 , 64 bit Build 19041 (10.0.19041.292)
OS uptime: 4 days 6:21 hours

CPU:total 4 (initial active 4) (2 cores per cpu, 2 threads per core) family 6 model 42 stepping 7 microcode 0x2f, cmov, cx8, fxsr, mmx, sse, sse2, sse3, ssse3, sse4.1, sse4.2, popcnt, avx, aes, clmul, ht, tsc, tscinvbit

Memory: 4k page, system-wide physical 8102M (202M free)
TotalPageFile size 14782M (AvailPageFile size 361M)
current process WorkingSet (physical memory assigned to process): 401M, peak: 462M
current process commit charge ("private bytes"): 633M, peak: 1259M

vm_info: OpenJDK 64-Bit Server VM (11.0.11+9-b60-7590822) for windows-amd64 JRE (11.0.11+9-b60-7590822), built on Jul 29 2021 21:43:44 by "builder" with MS VC++ 14.0 (VS2015)

END.
